Flow report for main_state_machine
Mon Nov 24 00:52:32 2008
Quartus II Version 8.0 Build 231 07/10/2008 Service Pack 1 SJ Web Edition


---------------------
; Table of Contents ;
---------------------
  1. Legal Notice
  2. Flow Summary
  3. Flow Settings
  4. Flow Non-Default Global Settings
  5. Flow Elapsed Time
  6. Flow Log



----------------
; Legal Notice ;
----------------
Copyright (C) 1991-2008 Altera Corporation
Your use of Altera Corporation's design tools, logic functions 
and other software and tools, and its AMPP partner logic 
functions, and any output files from any of the foregoing 
(including device programming or simulation files), and any 
associated documentation or information are expressly subject 
to the terms and conditions of the Altera Program License 
Subscription Agreement, Altera MegaCore Function License 
Agreement, or other applicable license agreement, including, 
without limitation, that your use is for the sole purpose of 
programming logic devices manufactured by Altera and sold by 
Altera or its authorized distributors.  Please refer to the 
applicable agreement for further details.



+-----------------------------------------------------------------------------------+
; Flow Summary                                                                      ;
+------------------------------------+----------------------------------------------+
; Flow Status                        ; Flow Failed - Mon Nov 24 00:52:32 2008       ;
; Quartus II Version                 ; 8.0 Build 231 07/10/2008 SP 1 SJ Web Edition ;
; Revision Name                      ; main_state_machine                           ;
; Top-level Entity Name              ; main_state_machine                           ;
; Family                             ; Cyclone II                                   ;
; Device                             ; EP2C35F672C6                                 ;
; Timing Models                      ; Final                                        ;
; Met timing requirements            ; N/A                                          ;
; Total logic elements               ; 948                                          ;
;     Total combinational functions  ; 948                                          ;
;     Dedicated logic registers      ; 273                                          ;
; Total registers                    ; 273                                          ;
; Total pins                         ; 88 / 475 ( 19 % )                            ;
; Total virtual pins                 ; 0                                            ;
; Total memory bits                  ; 636,048 / 483,840 ( 131 % )                  ;
; Embedded Multiplier 9-bit elements ; 0 / 70 ( 0 % )                               ;
; Total PLLs                         ; 1 / 4 ( 25 % )                               ;
+------------------------------------+----------------------------------------------+


+-----------------------------------------+
; Flow Settings                           ;
+-------------------+---------------------+
; Option            ; Setting             ;
+-------------------+---------------------+
; Start date & time ; 11/24/2008 00:51:47 ;
; Main task         ; Compilation         ;
; Revision Name     ; main_state_machine  ;
+-------------------+---------------------+


+--------------------------------------------------------------------------------------------------------------------------------------------------------------------------------------------------------------------------------------------------------------------------------------------------+
; Flow Non-Default Global Settings                                                                                                                                                                                                                                                                 ;
+------------------------+------------------------------------------------------------------------------------------------------------------------------------------------------------------------------------------------------------------------------+---------------+-------------+------------+
; Assignment Name        ; Value                                                                                                                                                                                                                        ; Default Value ; Entity Name ; Section Id ;
+------------------------+------------------------------------------------------------------------------------------------------------------------------------------------------------------------------------------------------------------------------+---------------+-------------+------------+
; COMPILER_SIGNATURE_ID  ; 117970801258.122750590704832                                                                                                                                                                                                 ; --            ; --          ; --         ;
; ENABLE_DA_RULE         ; C101, C102, C103, C104, C105, C106, R101, R102, R103, R104, R105, T101, T102, A101, A102, A103, A104, A105, A106, A107, A108, A109, A110, S101, S102, S103, S104, D101, D102, D103, H101, H102, M101, M102, M103, M104, M105 ; --            ; --          ; --         ;
; ENABLE_DRC_SETTINGS    ; On                                                                                                                                                                                                                           ; Off           ; --          ; --         ;
; PARTITION_COLOR        ; 14622752                                                                                                                                                                                                                     ; --            ; --          ; Top        ;
; PARTITION_NETLIST_TYPE ; SOURCE                                                                                                                                                                                                                       ; --            ; --          ; Top        ;
+------------------------+------------------------------------------------------------------------------------------------------------------------------------------------------------------------------------------------------------------------------+---------------+-------------+------------+


+--------------------------------------------------------------------------------------------------------------------------+
; Flow Elapsed Time                                                                                                        ;
+----------------------+--------------+-------------------------+---------------------+------------------------------------+
; Module Name          ; Elapsed Time ; Average Processors Used ; Peak Virtual Memory ; Total CPU Time (on all processors) ;
+----------------------+--------------+-------------------------+---------------------+------------------------------------+
; Analysis & Synthesis ; 00:00:25     ; 1.0                     ; 236 MB              ; 00:00:23                           ;
; Fitter               ; 00:00:16     ; 1.0                     ; 238 MB              ; 00:00:16                           ;
; Total                ; 00:00:41     ; --                      ; --                  ; 00:00:39                           ;
+----------------------+--------------+-------------------------+---------------------+------------------------------------+


------------
; Flow Log ;
------------
quartus_map --read_settings_files=on --write_settings_files=off main_state_machine -c main_state_machine
quartus_fit --read_settings_files=off --write_settings_files=off main_state_machine -c main_state_machine



