Analysis & Synthesis report for drawSprite
Mon Nov 17 16:29:56 2008
Quartus II Version 8.0 Build 231 07/10/2008 Service Pack 1 SJ Web Edition


---------------------
; Table of Contents ;
---------------------
  1. Legal Notice
  2. Analysis & Synthesis Summary
  3. Analysis & Synthesis Settings
  4. Analysis & Synthesis Source Files Read
  5. Analysis & Synthesis Resource Usage Summary
  6. Analysis & Synthesis Resource Utilization by Entity
  7. Analysis & Synthesis DSP Block Usage Summary
  8. State Machine - |drawSprite|Q
  9. Registers Protected by Synthesis
 10. Registers Removed During Synthesis
 11. General Register Statistics
 12. Source assignments for Top-level Entity: |drawSprite
 13. Parameter Settings for User Entity Instance: Top-level Entity: |drawSprite
 14. Parameter Settings for User Entity Instance: addx:XoffAdder|lpm_add_sub:lpm_add_sub_component
 15. Parameter Settings for User Entity Instance: nBitRegister:XOffsetReg
 16. Parameter Settings for User Entity Instance: addy:YoffAdder|lpm_add_sub:lpm_add_sub_component
 17. Parameter Settings for User Entity Instance: nBitRegister:YOffsetReg
 18. Parameter Settings for User Entity Instance: addx:XoutAdder|lpm_add_sub:lpm_add_sub_component
 19. Parameter Settings for User Entity Instance: addy:YoutAdder|lpm_add_sub:lpm_add_sub_component
 20. Parameter Settings for Inferred Entity Instance: lpm_mult:Mult1
 21. Parameter Settings for Inferred Entity Instance: lpm_mult:Mult2
 22. Parameter Settings for Inferred Entity Instance: lpm_mult:Mult0
 23. lpm_mult Parameter Settings by Entity Instance
 24. Analysis & Synthesis Equations
 25. Analysis & Synthesis Messages



----------------
; Legal Notice ;
----------------
Copyright (C) 1991-2008 Altera Corporation
Your use of Altera Corporation's design tools, logic functions 
and other software and tools, and its AMPP partner logic 
functions, and any output files from any of the foregoing 
(including device programming or simulation files), and any 
associated documentation or information are expressly subject 
to the terms and conditions of the Altera Program License 
Subscription Agreement, Altera MegaCore Function License 
Agreement, or other applicable license agreement, including, 
without limitation, that your use is for the sole purpose of 
programming logic devices manufactured by Altera and sold by 
Altera or its authorized distributors.  Please refer to the 
applicable agreement for further details.



+-----------------------------------------------------------------------------------+
; Analysis & Synthesis Summary                                                      ;
+------------------------------------+----------------------------------------------+
; Analysis & Synthesis Status        ; Successful - Mon Nov 17 16:29:56 2008        ;
; Quartus II Version                 ; 8.0 Build 231 07/10/2008 SP 1 SJ Web Edition ;
; Revision Name                      ; drawSprite                                   ;
; Top-level Entity Name              ; drawSprite                                   ;
; Family                             ; Cyclone II                                   ;
; Total logic elements               ; 117                                          ;
;     Total combinational functions  ; 117                                          ;
;     Dedicated logic registers      ; 20                                           ;
; Total registers                    ; 20                                           ;
; Total pins                         ; 84                                           ;
; Total virtual pins                 ; 0                                            ;
; Total memory bits                  ; 0                                            ;
; Embedded Multiplier 9-bit elements ; 2                                            ;
; Total PLLs                         ; 0                                            ;
+------------------------------------+----------------------------------------------+


+--------------------------------------------------------------------------------------------------------+
; Analysis & Synthesis Settings                                                                          ;
+--------------------------------------------------------------+--------------------+--------------------+
; Option                                                       ; Setting            ; Default Value      ;
+--------------------------------------------------------------+--------------------+--------------------+
; Device                                                       ; EP2C35F672C6       ;                    ;
; Top-level entity name                                        ; drawSprite         ; drawSprite         ;
; Family name                                                  ; Cyclone II         ; Stratix II         ;
; Use Generated Physical Constraints File                      ; Off                ;                    ;
; Use smart compilation                                        ; Off                ; Off                ;
; Maximum processors allowed for parallel compilation          ; 1                  ; 1                  ;
; Restructure Multiplexers                                     ; Auto               ; Auto               ;
; Create Debugging Nodes for IP Cores                          ; Off                ; Off                ;
; Preserve fewer node names                                    ; On                 ; On                 ;
; Disable OpenCore Plus hardware evaluation                    ; Off                ; Off                ;
; Verilog Version                                              ; Verilog_2001       ; Verilog_2001       ;
; VHDL Version                                                 ; VHDL93             ; VHDL93             ;
; State Machine Processing                                     ; Auto               ; Auto               ;
; Safe State Machine                                           ; Off                ; Off                ;
; Extract Verilog State Machines                               ; On                 ; On                 ;
; Extract VHDL State Machines                                  ; On                 ; On                 ;
; Ignore Verilog initial constructs                            ; Off                ; Off                ;
; Iteration limit for constant Verilog loops                   ; 5000               ; 5000               ;
; Iteration limit for non-constant Verilog loops               ; 250                ; 250                ;
; Add Pass-Through Logic to Inferred RAMs                      ; On                 ; On                 ;
; Parallel Synthesis                                           ; Off                ; Off                ;
; DSP Block Balancing                                          ; Auto               ; Auto               ;
; NOT Gate Push-Back                                           ; On                 ; On                 ;
; Power-Up Don't Care                                          ; On                 ; On                 ;
; Remove Redundant Logic Cells                                 ; Off                ; Off                ;
; Remove Duplicate Registers                                   ; On                 ; On                 ;
; Ignore CARRY Buffers                                         ; Off                ; Off                ;
; Ignore CASCADE Buffers                                       ; Off                ; Off                ;
; Ignore GLOBAL Buffers                                        ; Off                ; Off                ;
; Ignore ROW GLOBAL Buffers                                    ; Off                ; Off                ;
; Ignore LCELL Buffers                                         ; Off                ; Off                ;
; Ignore SOFT Buffers                                          ; On                 ; On                 ;
; Limit AHDL Integers to 32 Bits                               ; Off                ; Off                ;
; Optimization Technique                                       ; Balanced           ; Balanced           ;
; Carry Chain Length                                           ; 70                 ; 70                 ;
; Auto Carry Chains                                            ; On                 ; On                 ;
; Auto Open-Drain Pins                                         ; On                 ; On                 ;
; Perform WYSIWYG Primitive Resynthesis                        ; Off                ; Off                ;
; Perform gate-level register retiming                         ; Off                ; Off                ;
; Allow register retiming to trade off Tsu/Tco with Fmax       ; On                 ; On                 ;
; Auto ROM Replacement                                         ; On                 ; On                 ;
; Auto RAM Replacement                                         ; On                 ; On                 ;
; Auto Shift Register Replacement                              ; Auto               ; Auto               ;
; Auto Clock Enable Replacement                                ; On                 ; On                 ;
; Strict RAM Replacement                                       ; Off                ; Off                ;
; Allow Synchronous Control Signals                            ; On                 ; On                 ;
; Force Use of Synchronous Clear Signals                       ; Off                ; Off                ;
; Auto RAM to Logic Cell Conversion                            ; Off                ; Off                ;
; Auto Resource Sharing                                        ; Off                ; Off                ;
; Allow Any RAM Size For Recognition                           ; Off                ; Off                ;
; Allow Any ROM Size For Recognition                           ; Off                ; Off                ;
; Allow Any Shift Register Size For Recognition                ; Off                ; Off                ;
; Ignore translate_off and synthesis_off directives            ; Off                ; Off                ;
; Show Parameter Settings Tables in Synthesis Report           ; On                 ; On                 ;
; Ignore Maximum Fan-Out Assignments                           ; Off                ; Off                ;
; Synchronization Register Chain Length                        ; 2                  ; 2                  ;
; PowerPlay Power Optimization                                 ; Normal compilation ; Normal compilation ;
; HDL message level                                            ; Level2             ; Level2             ;
; Suppress Register Optimization Related Messages              ; Off                ; Off                ;
; Number of Removed Registers Reported in Synthesis Report     ; 100                ; 100                ;
; Number of Inverted Registers Reported in Synthesis Report    ; 100                ; 100                ;
; Clock MUX Protection                                         ; On                 ; On                 ;
; Block Design Naming                                          ; Auto               ; Auto               ;
; SDC constraint protection                                    ; Off                ; Off                ;
; Synthesis Effort                                             ; Auto               ; Auto               ;
; Shift Register Replacement - Allow Asynchronous Clear Signal ; On                 ; On                 ;
+--------------------------------------------------------------+--------------------+--------------------+


+---------------------------------------------------------------------------------------------------------------------------------------------------------------------------------------------------------------------+
; Analysis & Synthesis Source Files Read                                                                                                                                                                              ;
+----------------------------------+-----------------+------------------------------+---------------------------------------------------------------------------------------------------------------------------------+
; File Name with User-Entered Path ; Used in Netlist ; File Type                    ; File Name with Absolute Path                                                                                                    ;
+----------------------------------+-----------------+------------------------------+---------------------------------------------------------------------------------------------------------------------------------+
; addx.v                           ; yes             ; User Verilog HDL File        ; C:/Users/Owner/Documents/SKULE/Second Year/first semester/Digital Systems/quartus/project/working/drawSprite/addx.v             ;
; addy.v                           ; yes             ; User Verilog HDL File        ; C:/Users/Owner/Documents/SKULE/Second Year/first semester/Digital Systems/quartus/project/working/drawSprite/addy.v             ;
; drawSprite.v                     ; yes             ; User Verilog HDL File        ; C:/Users/Owner/Documents/SKULE/Second Year/first semester/Digital Systems/quartus/project/working/drawSprite/drawSprite.v       ;
; nBitRegister.v                   ; yes             ; User Verilog HDL File        ; C:/Users/Owner/Documents/SKULE/Second Year/first semester/Digital Systems/quartus/project/working/drawSprite/nBitRegister.v     ;
; lpm_add_sub.tdf                  ; yes             ; Megafunction                 ; c:/altera/80sp1/quartus/libraries/megafunctions/lpm_add_sub.tdf                                                                 ;
; addcore.inc                      ; yes             ; Megafunction                 ; c:/altera/80sp1/quartus/libraries/megafunctions/addcore.inc                                                                     ;
; look_add.inc                     ; yes             ; Megafunction                 ; c:/altera/80sp1/quartus/libraries/megafunctions/look_add.inc                                                                    ;
; bypassff.inc                     ; yes             ; Megafunction                 ; c:/altera/80sp1/quartus/libraries/megafunctions/bypassff.inc                                                                    ;
; altshift.inc                     ; yes             ; Megafunction                 ; c:/altera/80sp1/quartus/libraries/megafunctions/altshift.inc                                                                    ;
; alt_stratix_add_sub.inc          ; yes             ; Megafunction                 ; c:/altera/80sp1/quartus/libraries/megafunctions/alt_stratix_add_sub.inc                                                         ;
; alt_mercury_add_sub.inc          ; yes             ; Megafunction                 ; c:/altera/80sp1/quartus/libraries/megafunctions/alt_mercury_add_sub.inc                                                         ;
; aglobal80.inc                    ; yes             ; Megafunction                 ; c:/altera/80sp1/quartus/libraries/megafunctions/aglobal80.inc                                                                   ;
; db/add_sub_big.tdf               ; yes             ; Auto-Generated Megafunction  ; C:/Users/Owner/Documents/SKULE/Second Year/first semester/Digital Systems/quartus/project/working/drawSprite/db/add_sub_big.tdf ;
; db/add_sub_aig.tdf               ; yes             ; Auto-Generated Megafunction  ; C:/Users/Owner/Documents/SKULE/Second Year/first semester/Digital Systems/quartus/project/working/drawSprite/db/add_sub_aig.tdf ;
; lpm_mult.tdf                     ; yes             ; Megafunction                 ; c:/altera/80sp1/quartus/libraries/megafunctions/lpm_mult.tdf                                                                    ;
; lpm_add_sub.inc                  ; yes             ; Megafunction                 ; c:/altera/80sp1/quartus/libraries/megafunctions/lpm_add_sub.inc                                                                 ;
; multcore.inc                     ; yes             ; Megafunction                 ; c:/altera/80sp1/quartus/libraries/megafunctions/multcore.inc                                                                    ;
; multcore.tdf                     ; yes             ; Megafunction                 ; c:/altera/80sp1/quartus/libraries/megafunctions/multcore.tdf                                                                    ;
; csa_add.inc                      ; yes             ; Megafunction                 ; c:/altera/80sp1/quartus/libraries/megafunctions/csa_add.inc                                                                     ;
; mpar_add.inc                     ; yes             ; Megafunction                 ; c:/altera/80sp1/quartus/libraries/megafunctions/mpar_add.inc                                                                    ;
; muleabz.inc                      ; yes             ; Megafunction                 ; c:/altera/80sp1/quartus/libraries/megafunctions/muleabz.inc                                                                     ;
; mul_lfrg.inc                     ; yes             ; Megafunction                 ; c:/altera/80sp1/quartus/libraries/megafunctions/mul_lfrg.inc                                                                    ;
; mul_boothc.inc                   ; yes             ; Megafunction                 ; c:/altera/80sp1/quartus/libraries/megafunctions/mul_boothc.inc                                                                  ;
; alt_ded_mult.inc                 ; yes             ; Megafunction                 ; c:/altera/80sp1/quartus/libraries/megafunctions/alt_ded_mult.inc                                                                ;
; alt_ded_mult_y.inc               ; yes             ; Megafunction                 ; c:/altera/80sp1/quartus/libraries/megafunctions/alt_ded_mult_y.inc                                                              ;
; dffpipe.inc                      ; yes             ; Megafunction                 ; c:/altera/80sp1/quartus/libraries/megafunctions/dffpipe.inc                                                                     ;
; mpar_add.tdf                     ; yes             ; Megafunction                 ; c:/altera/80sp1/quartus/libraries/megafunctions/mpar_add.tdf                                                                    ;
; db/add_sub_27h.tdf               ; yes             ; Auto-Generated Megafunction  ; C:/Users/Owner/Documents/SKULE/Second Year/first semester/Digital Systems/quartus/project/working/drawSprite/db/add_sub_27h.tdf ;
; db/add_sub_37h.tdf               ; yes             ; Auto-Generated Megafunction  ; C:/Users/Owner/Documents/SKULE/Second Year/first semester/Digital Systems/quartus/project/working/drawSprite/db/add_sub_37h.tdf ;
; altshift.tdf                     ; yes             ; Megafunction                 ; c:/altera/80sp1/quartus/libraries/megafunctions/altshift.tdf                                                                    ;
; db/mult_6s01.tdf                 ; yes             ; Auto-Generated Megafunction  ; C:/Users/Owner/Documents/SKULE/Second Year/first semester/Digital Systems/quartus/project/working/drawSprite/db/mult_6s01.tdf   ;
; db/mult_4s01.tdf                 ; yes             ; Auto-Generated Megafunction  ; C:/Users/Owner/Documents/SKULE/Second Year/first semester/Digital Systems/quartus/project/working/drawSprite/db/mult_4s01.tdf   ;
+----------------------------------+-----------------+------------------------------+---------------------------------------------------------------------------------------------------------------------------------+


+-----------------------------------------------------+
; Analysis & Synthesis Resource Usage Summary         ;
+---------------------------------------------+-------+
; Resource                                    ; Usage ;
+---------------------------------------------+-------+
; Estimated Total logic elements              ; 117   ;
;                                             ;       ;
; Total combinational functions               ; 117   ;
; Logic element usage by number of LUT inputs ;       ;
;     -- 4 input functions                    ; 13    ;
;     -- 3 input functions                    ; 45    ;
;     -- <=2 input functions                  ; 59    ;
;                                             ;       ;
; Logic elements by mode                      ;       ;
;     -- normal mode                          ; 49    ;
;     -- arithmetic mode                      ; 68    ;
;                                             ;       ;
; Total registers                             ; 20    ;
;     -- Dedicated logic registers            ; 20    ;
;     -- I/O registers                        ; 0     ;
;                                             ;       ;
; I/O pins                                    ; 84    ;
; Embedded Multiplier 9-bit elements          ; 2     ;
; Maximum fan-out node                        ; Clock ;
; Maximum fan-out                             ; 20    ;
; Total fan-out                               ; 417   ;
; Average fan-out                             ; 1.85  ;
+---------------------------------------------+-------+


+----------------------------------------------------------------------------------------------------------------------------------------------------------------------------------------------------------------------------------------------------------------------------------------------------------------+
; Analysis & Synthesis Resource Utilization by Entity                                                                                                                                                                                                                                                            ;
+------------------------------------------------+-------------------+--------------+-------------+--------------+---------+-----------+------+--------------+------------------------------------------------------------------------------------------------------------------------------------+--------------+
; Compilation Hierarchy Node                     ; LC Combinationals ; LC Registers ; Memory Bits ; DSP Elements ; DSP 9x9 ; DSP 18x18 ; Pins ; Virtual Pins ; Full Hierarchy Name                                                                                                                ; Library Name ;
+------------------------------------------------+-------------------+--------------+-------------+--------------+---------+-----------+------+--------------+------------------------------------------------------------------------------------------------------------------------------------+--------------+
; |drawSprite                                    ; 117 (60)          ; 20 (5)       ; 0           ; 2            ; 2       ; 0         ; 84   ; 0            ; |drawSprite                                                                                                                        ; work         ;
;    |addx:XoutAdder|                            ; 8 (0)             ; 0 (0)        ; 0           ; 0            ; 0       ; 0         ; 0    ; 0            ; |drawSprite|addx:XoutAdder                                                                                                         ; work         ;
;       |lpm_add_sub:lpm_add_sub_component|      ; 8 (0)             ; 0 (0)        ; 0           ; 0            ; 0       ; 0         ; 0    ; 0            ; |drawSprite|addx:XoutAdder|lpm_add_sub:lpm_add_sub_component                                                                       ; work         ;
;          |add_sub_big:auto_generated|          ; 8 (8)             ; 0 (0)        ; 0           ; 0            ; 0       ; 0         ; 0    ; 0            ; |drawSprite|addx:XoutAdder|lpm_add_sub:lpm_add_sub_component|add_sub_big:auto_generated                                            ; work         ;
;    |addy:YoutAdder|                            ; 7 (0)             ; 0 (0)        ; 0           ; 0            ; 0       ; 0         ; 0    ; 0            ; |drawSprite|addy:YoutAdder                                                                                                         ; work         ;
;       |lpm_add_sub:lpm_add_sub_component|      ; 7 (0)             ; 0 (0)        ; 0           ; 0            ; 0       ; 0         ; 0    ; 0            ; |drawSprite|addy:YoutAdder|lpm_add_sub:lpm_add_sub_component                                                                       ; work         ;
;          |add_sub_aig:auto_generated|          ; 7 (7)             ; 0 (0)        ; 0           ; 0            ; 0       ; 0         ; 0    ; 0            ; |drawSprite|addy:YoutAdder|lpm_add_sub:lpm_add_sub_component|add_sub_aig:auto_generated                                            ; work         ;
;    |lpm_mult:Mult0|                            ; 0 (0)             ; 0 (0)        ; 0           ; 1            ; 1       ; 0         ; 0    ; 0            ; |drawSprite|lpm_mult:Mult0                                                                                                         ; work         ;
;       |mult_4s01:auto_generated|               ; 0 (0)             ; 0 (0)        ; 0           ; 1            ; 1       ; 0         ; 0    ; 0            ; |drawSprite|lpm_mult:Mult0|mult_4s01:auto_generated                                                                                ; work         ;
;    |lpm_mult:Mult1|                            ; 27 (0)            ; 0 (0)        ; 0           ; 0            ; 0       ; 0         ; 0    ; 0            ; |drawSprite|lpm_mult:Mult1                                                                                                         ; work         ;
;       |multcore:mult_core|                     ; 27 (15)           ; 0 (0)        ; 0           ; 0            ; 0       ; 0         ; 0    ; 0            ; |drawSprite|lpm_mult:Mult1|multcore:mult_core                                                                                      ; work         ;
;          |mpar_add:padder|                     ; 12 (0)            ; 0 (0)        ; 0           ; 0            ; 0       ; 0         ; 0    ; 0            ; |drawSprite|lpm_mult:Mult1|multcore:mult_core|mpar_add:padder                                                                      ; work         ;
;             |lpm_add_sub:adder[0]|             ; 6 (0)             ; 0 (0)        ; 0           ; 0            ; 0       ; 0         ; 0    ; 0            ; |drawSprite|lpm_mult:Mult1|multcore:mult_core|mpar_add:padder|lpm_add_sub:adder[0]                                                 ; work         ;
;                |add_sub_27h:auto_generated|    ; 6 (6)             ; 0 (0)        ; 0           ; 0            ; 0       ; 0         ; 0    ; 0            ; |drawSprite|lpm_mult:Mult1|multcore:mult_core|mpar_add:padder|lpm_add_sub:adder[0]|add_sub_27h:auto_generated                      ; work         ;
;             |mpar_add:sub_par_add|             ; 6 (0)             ; 0 (0)        ; 0           ; 0            ; 0       ; 0         ; 0    ; 0            ; |drawSprite|lpm_mult:Mult1|multcore:mult_core|mpar_add:padder|mpar_add:sub_par_add                                                 ; work         ;
;                |lpm_add_sub:adder[0]|          ; 6 (0)             ; 0 (0)        ; 0           ; 0            ; 0       ; 0         ; 0    ; 0            ; |drawSprite|lpm_mult:Mult1|multcore:mult_core|mpar_add:padder|mpar_add:sub_par_add|lpm_add_sub:adder[0]                            ; work         ;
;                   |add_sub_37h:auto_generated| ; 6 (6)             ; 0 (0)        ; 0           ; 0            ; 0       ; 0         ; 0    ; 0            ; |drawSprite|lpm_mult:Mult1|multcore:mult_core|mpar_add:padder|mpar_add:sub_par_add|lpm_add_sub:adder[0]|add_sub_37h:auto_generated ; work         ;
;    |lpm_mult:Mult2|                            ; 0 (0)             ; 0 (0)        ; 0           ; 1            ; 1       ; 0         ; 0    ; 0            ; |drawSprite|lpm_mult:Mult2                                                                                                         ; work         ;
;       |mult_6s01:auto_generated|               ; 0 (0)             ; 0 (0)        ; 0           ; 1            ; 1       ; 0         ; 0    ; 0            ; |drawSprite|lpm_mult:Mult2|mult_6s01:auto_generated                                                                                ; work         ;
;    |nBitRegister:XOffsetReg|                   ; 8 (8)             ; 8 (8)        ; 0           ; 0            ; 0       ; 0         ; 0    ; 0            ; |drawSprite|nBitRegister:XOffsetReg                                                                                                ; work         ;
;    |nBitRegister:YOffsetReg|                   ; 7 (7)             ; 7 (7)        ; 0           ; 0            ; 0       ; 0         ; 0    ; 0            ; |drawSprite|nBitRegister:YOffsetReg                                                                                                ; work         ;
+------------------------------------------------+-------------------+--------------+-------------+--------------+---------+-----------+------+--------------+------------------------------------------------------------------------------------------------------------------------------------+--------------+
Note: For table entries with two numbers listed, the numbers in parentheses indicate the number of resources of the given type used by the specific entity alone. The numbers listed outside of parentheses indicate the total resources of the given type used by the specific entity and all of its sub-entities in the hierarchy.


+-----------------------------------------------------+
; Analysis & Synthesis DSP Block Usage Summary        ;
+---------------------------------------+-------------+
; Statistic                             ; Number Used ;
+---------------------------------------+-------------+
; Simple Multipliers (9-bit)            ; 2           ;
; Simple Multipliers (18-bit)           ; 0           ;
; Embedded Multiplier Blocks            ; --          ;
; Embedded Multiplier 9-bit elements    ; 2           ;
; Signed Embedded Multipliers           ; 0           ;
; Unsigned Embedded Multipliers         ; 2           ;
; Mixed Sign Embedded Multipliers       ; 0           ;
; Variable Sign Embedded Multipliers    ; 0           ;
; Dedicated Input Shift Register Chains ; 0           ;
+---------------------------------------+-------------+
Note: number of Embedded Multiplier Blocks used is only available after a successful fit.


Encoding Type:  One-Hot
+-------------------------------------------------------+
; State Machine - |drawSprite|Q                         ;
+---------+---------+--------+--------+-------+---------+
; Name    ; Q.INC_X ; Q.DRAW ; Q.IDLE ; Q.000 ; Q.INC_Y ;
+---------+---------+--------+--------+-------+---------+
; Q.000   ; 0       ; 0      ; 0      ; 0     ; 0       ;
; Q.IDLE  ; 0       ; 0      ; 1      ; 1     ; 0       ;
; Q.DRAW  ; 0       ; 1      ; 0      ; 1     ; 0       ;
; Q.INC_X ; 1       ; 0      ; 0      ; 1     ; 0       ;
; Q.INC_Y ; 0       ; 0      ; 0      ; 1     ; 1       ;
+---------+---------+--------+--------+-------+---------+


+-------------------------------------------------------------------------------------------------------------------------------+
; Registers Protected by Synthesis                                                                                              ;
+---------------+------------------------------------------------------------------+--------------------------------------------+
; Register Name ; Protected by Synthesis Attribute or Preserve Register Assignment ; Not to be Touched by Netlist Optimizations ;
+---------------+------------------------------------------------------------------+--------------------------------------------+
; Q.IDLE        ; yes                                                              ; yes                                        ;
; Q.DRAW        ; yes                                                              ; yes                                        ;
; Q.INC_X       ; yes                                                              ; yes                                        ;
; Q.INC_Y       ; yes                                                              ; yes                                        ;
; Q.000         ; yes                                                              ; yes                                        ;
+---------------+------------------------------------------------------------------+--------------------------------------------+


+------------------------------------------------------------+
; Registers Removed During Synthesis                         ;
+---------------------------------------+--------------------+
; Register name                         ; Reason for Removal ;
+---------------------------------------+--------------------+
; Q~19                                  ; Lost fanout        ;
; Q~20                                  ; Lost fanout        ;
; Total Number of Removed Registers = 2 ;                    ;
+---------------------------------------+--------------------+


+------------------------------------------------------+
; General Register Statistics                          ;
+----------------------------------------------+-------+
; Statistic                                    ; Value ;
+----------------------------------------------+-------+
; Total registers                              ; 20    ;
; Number of registers using Synchronous Clear  ; 15    ;
; Number of registers using Synchronous Load   ; 0     ;
; Number of registers using Asynchronous Clear ; 0     ;
; Number of registers using Asynchronous Load  ; 0     ;
; Number of registers using Clock Enable       ; 0     ;
; Number of registers using Preset             ; 0     ;
+----------------------------------------------+-------+


+-------------------------------------------------------+
; Source assignments for Top-level Entity: |drawSprite  ;
+------------------------------+-------+------+---------+
; Assignment                   ; Value ; From ; To      ;
+------------------------------+-------+------+---------+
; PRESERVE_REGISTER            ; on    ; -    ; Q.000   ;
; PRESERVE_REGISTER            ; on    ; -    ; Q.IDLE  ;
; PRESERVE_REGISTER            ; on    ; -    ; Q.DRAW  ;
; PRESERVE_REGISTER            ; on    ; -    ; Q.INC_X ;
; PRESERVE_REGISTER            ; on    ; -    ; Q.INC_Y ;
; IGNORE_LCELL_BUFFERS         ; off   ; -    ; D.IDLE  ;
; REMOVE_REDUNDANT_LOGIC_CELLS ; off   ; -    ; D.IDLE  ;
; IGNORE_LCELL_BUFFERS         ; off   ; -    ; D.DRAW  ;
; REMOVE_REDUNDANT_LOGIC_CELLS ; off   ; -    ; D.DRAW  ;
; IGNORE_LCELL_BUFFERS         ; off   ; -    ; D.INC_X ;
; REMOVE_REDUNDANT_LOGIC_CELLS ; off   ; -    ; D.INC_X ;
; IGNORE_LCELL_BUFFERS         ; off   ; -    ; D.INC_Y ;
; REMOVE_REDUNDANT_LOGIC_CELLS ; off   ; -    ; D.INC_Y ;
+------------------------------+-------+------+---------+


+----------------------------------------------------------------------------+
; Parameter Settings for User Entity Instance: Top-level Entity: |drawSprite ;
+----------------+-------+---------------------------------------------------+
; Parameter Name ; Value ; Type                                              ;
+----------------+-------+---------------------------------------------------+
; START          ; 000   ; Unsigned Binary                                   ;
; IDLE           ; 001   ; Unsigned Binary                                   ;
; DRAW           ; 010   ; Unsigned Binary                                   ;
; INC_X          ; 011   ; Unsigned Binary                                   ;
; INC_Y          ; 100   ; Unsigned Binary                                   ;
+----------------+-------+---------------------------------------------------+
Note: In order to hide this table in the UI and the text report file, please set the "Show Parameter Settings Tables in Synthesis Report" option in "Analysis and Synthesis Settings -> More Settings" to "Off".


+-----------------------------------------------------------------------------------------------+
; Parameter Settings for User Entity Instance: addx:XoffAdder|lpm_add_sub:lpm_add_sub_component ;
+------------------------+-------------+--------------------------------------------------------+
; Parameter Name         ; Value       ; Type                                                   ;
+------------------------+-------------+--------------------------------------------------------+
; LPM_WIDTH              ; 8           ; Signed Integer                                         ;
; LPM_REPRESENTATION     ; UNSIGNED    ; Untyped                                                ;
; LPM_DIRECTION          ; DEFAULT     ; Untyped                                                ;
; ONE_INPUT_IS_CONSTANT  ; NO          ; Untyped                                                ;
; LPM_PIPELINE           ; 0           ; Untyped                                                ;
; MAXIMIZE_SPEED         ; 5           ; Untyped                                                ;
; REGISTERED_AT_END      ; 0           ; Untyped                                                ;
; OPTIMIZE_FOR_SPEED     ; 5           ; Untyped                                                ;
; USE_CS_BUFFERS         ; 1           ; Untyped                                                ;
; CARRY_CHAIN            ; MANUAL      ; Untyped                                                ;
; CARRY_CHAIN_LENGTH     ; 48          ; CARRY_CHAIN_LENGTH                                     ;
; DEVICE_FAMILY          ; Cyclone II  ; Untyped                                                ;
; USE_WYS                ; OFF         ; Untyped                                                ;
; STYLE                  ; FAST        ; Untyped                                                ;
; CBXI_PARAMETER         ; add_sub_big ; Untyped                                                ;
; AUTO_CARRY_CHAINS      ; ON          ; AUTO_CARRY                                             ;
; IGNORE_CARRY_BUFFERS   ; OFF         ; IGNORE_CARRY                                           ;
; AUTO_CASCADE_CHAINS    ; ON          ; AUTO_CASCADE                                           ;
; IGNORE_CASCADE_BUFFERS ; OFF         ; IGNORE_CASCADE                                         ;
+------------------------+-------------+--------------------------------------------------------+
Note: In order to hide this table in the UI and the text report file, please set the "Show Parameter Settings Tables in Synthesis Report" option in "Analysis and Synthesis Settings -> More Settings" to "Off".


+----------------------------------------------------------------------+
; Parameter Settings for User Entity Instance: nBitRegister:XOffsetReg ;
+----------------+-------+---------------------------------------------+
; Parameter Name ; Value ; Type                                        ;
+----------------+-------+---------------------------------------------+
; n              ; 8     ; Signed Integer                              ;
+----------------+-------+---------------------------------------------+
Note: In order to hide this table in the UI and the text report file, please set the "Show Parameter Settings Tables in Synthesis Report" option in "Analysis and Synthesis Settings -> More Settings" to "Off".


+-----------------------------------------------------------------------------------------------+
; Parameter Settings for User Entity Instance: addy:YoffAdder|lpm_add_sub:lpm_add_sub_component ;
+------------------------+-------------+--------------------------------------------------------+
; Parameter Name         ; Value       ; Type                                                   ;
+------------------------+-------------+--------------------------------------------------------+
; LPM_WIDTH              ; 7           ; Signed Integer                                         ;
; LPM_REPRESENTATION     ; UNSIGNED    ; Untyped                                                ;
; LPM_DIRECTION          ; DEFAULT     ; Untyped                                                ;
; ONE_INPUT_IS_CONSTANT  ; NO          ; Untyped                                                ;
; LPM_PIPELINE           ; 0           ; Untyped                                                ;
; MAXIMIZE_SPEED         ; 5           ; Untyped                                                ;
; REGISTERED_AT_END      ; 0           ; Untyped                                                ;
; OPTIMIZE_FOR_SPEED     ; 5           ; Untyped                                                ;
; USE_CS_BUFFERS         ; 1           ; Untyped                                                ;
; CARRY_CHAIN            ; MANUAL      ; Untyped                                                ;
; CARRY_CHAIN_LENGTH     ; 48          ; CARRY_CHAIN_LENGTH                                     ;
; DEVICE_FAMILY          ; Cyclone II  ; Untyped                                                ;
; USE_WYS                ; OFF         ; Untyped                                                ;
; STYLE                  ; FAST        ; Untyped                                                ;
; CBXI_PARAMETER         ; add_sub_aig ; Untyped                                                ;
; AUTO_CARRY_CHAINS      ; ON          ; AUTO_CARRY                                             ;
; IGNORE_CARRY_BUFFERS   ; OFF         ; IGNORE_CARRY                                           ;
; AUTO_CASCADE_CHAINS    ; ON          ; AUTO_CASCADE                                           ;
; IGNORE_CASCADE_BUFFERS ; OFF         ; IGNORE_CASCADE                                         ;
+------------------------+-------------+--------------------------------------------------------+
Note: In order to hide this table in the UI and the text report file, please set the "Show Parameter Settings Tables in Synthesis Report" option in "Analysis and Synthesis Settings -> More Settings" to "Off".


+----------------------------------------------------------------------+
; Parameter Settings for User Entity Instance: nBitRegister:YOffsetReg ;
+----------------+-------+---------------------------------------------+
; Parameter Name ; Value ; Type                                        ;
+----------------+-------+---------------------------------------------+
; n              ; 7     ; Signed Integer                              ;
+----------------+-------+---------------------------------------------+
Note: In order to hide this table in the UI and the text report file, please set the "Show Parameter Settings Tables in Synthesis Report" option in "Analysis and Synthesis Settings -> More Settings" to "Off".


+-----------------------------------------------------------------------------------------------+
; Parameter Settings for User Entity Instance: addx:XoutAdder|lpm_add_sub:lpm_add_sub_component ;
+------------------------+-------------+--------------------------------------------------------+
; Parameter Name         ; Value       ; Type                                                   ;
+------------------------+-------------+--------------------------------------------------------+
; LPM_WIDTH              ; 8           ; Signed Integer                                         ;
; LPM_REPRESENTATION     ; UNSIGNED    ; Untyped                                                ;
; LPM_DIRECTION          ; DEFAULT     ; Untyped                                                ;
; ONE_INPUT_IS_CONSTANT  ; NO          ; Untyped                                                ;
; LPM_PIPELINE           ; 0           ; Untyped                                                ;
; MAXIMIZE_SPEED         ; 5           ; Untyped                                                ;
; REGISTERED_AT_END      ; 0           ; Untyped                                                ;
; OPTIMIZE_FOR_SPEED     ; 5           ; Untyped                                                ;
; USE_CS_BUFFERS         ; 1           ; Untyped                                                ;
; CARRY_CHAIN            ; MANUAL      ; Untyped                                                ;
; CARRY_CHAIN_LENGTH     ; 48          ; CARRY_CHAIN_LENGTH                                     ;
; DEVICE_FAMILY          ; Cyclone II  ; Untyped                                                ;
; USE_WYS                ; OFF         ; Untyped                                                ;
; STYLE                  ; FAST        ; Untyped                                                ;
; CBXI_PARAMETER         ; add_sub_big ; Untyped                                                ;
; AUTO_CARRY_CHAINS      ; ON          ; AUTO_CARRY                                             ;
; IGNORE_CARRY_BUFFERS   ; OFF         ; IGNORE_CARRY                                           ;
; AUTO_CASCADE_CHAINS    ; ON          ; AUTO_CASCADE                                           ;
; IGNORE_CASCADE_BUFFERS ; OFF         ; IGNORE_CASCADE                                         ;
+------------------------+-------------+--------------------------------------------------------+
Note: In order to hide this table in the UI and the text report file, please set the "Show Parameter Settings Tables in Synthesis Report" option in "Analysis and Synthesis Settings -> More Settings" to "Off".


+-----------------------------------------------------------------------------------------------+
; Parameter Settings for User Entity Instance: addy:YoutAdder|lpm_add_sub:lpm_add_sub_component ;
+------------------------+-------------+--------------------------------------------------------+
; Parameter Name         ; Value       ; Type                                                   ;
+------------------------+-------------+--------------------------------------------------------+
; LPM_WIDTH              ; 7           ; Signed Integer                                         ;
; LPM_REPRESENTATION     ; UNSIGNED    ; Untyped                                                ;
; LPM_DIRECTION          ; DEFAULT     ; Untyped                                                ;
; ONE_INPUT_IS_CONSTANT  ; NO          ; Untyped                                                ;
; LPM_PIPELINE           ; 0           ; Untyped                                                ;
; MAXIMIZE_SPEED         ; 5           ; Untyped                                                ;
; REGISTERED_AT_END      ; 0           ; Untyped                                                ;
; OPTIMIZE_FOR_SPEED     ; 5           ; Untyped                                                ;
; USE_CS_BUFFERS         ; 1           ; Untyped                                                ;
; CARRY_CHAIN            ; MANUAL      ; Untyped                                                ;
; CARRY_CHAIN_LENGTH     ; 48          ; CARRY_CHAIN_LENGTH                                     ;
; DEVICE_FAMILY          ; Cyclone II  ; Untyped                                                ;
; USE_WYS                ; OFF         ; Untyped                                                ;
; STYLE                  ; FAST        ; Untyped                                                ;
; CBXI_PARAMETER         ; add_sub_aig ; Untyped                                                ;
; AUTO_CARRY_CHAINS      ; ON          ; AUTO_CARRY                                             ;
; IGNORE_CARRY_BUFFERS   ; OFF         ; IGNORE_CARRY                                           ;
; AUTO_CASCADE_CHAINS    ; ON          ; AUTO_CASCADE                                           ;
; IGNORE_CASCADE_BUFFERS ; OFF         ; IGNORE_CASCADE                                         ;
+------------------------+-------------+--------------------------------------------------------+
Note: In order to hide this table in the UI and the text report file, please set the "Show Parameter Settings Tables in Synthesis Report" option in "Analysis and Synthesis Settings -> More Settings" to "Off".


+-----------------------------------------------------------------------------------+
; Parameter Settings for Inferred Entity Instance: lpm_mult:Mult1                   ;
+------------------------------------------------+------------+---------------------+
; Parameter Name                                 ; Value      ; Type                ;
+------------------------------------------------+------------+---------------------+
; AUTO_CARRY_CHAINS                              ; ON         ; AUTO_CARRY          ;
; IGNORE_CARRY_BUFFERS                           ; OFF        ; IGNORE_CARRY        ;
; AUTO_CASCADE_CHAINS                            ; ON         ; AUTO_CASCADE        ;
; IGNORE_CASCADE_BUFFERS                         ; OFF        ; IGNORE_CASCADE      ;
; LPM_WIDTHA                                     ; 3          ; Untyped             ;
; LPM_WIDTHB                                     ; 5          ; Untyped             ;
; LPM_WIDTHP                                     ; 8          ; Untyped             ;
; LPM_WIDTHR                                     ; 8          ; Untyped             ;
; LPM_WIDTHS                                     ; 1          ; Untyped             ;
; LPM_REPRESENTATION                             ; UNSIGNED   ; Untyped             ;
; LPM_PIPELINE                                   ; 0          ; Untyped             ;
; LATENCY                                        ; 0          ; Untyped             ;
; INPUT_A_IS_CONSTANT                            ; NO         ; Untyped             ;
; INPUT_B_IS_CONSTANT                            ; NO         ; Untyped             ;
; USE_EAB                                        ; OFF        ; Untyped             ;
; MAXIMIZE_SPEED                                 ; 5          ; Untyped             ;
; DEVICE_FAMILY                                  ; Cyclone II ; Untyped             ;
; CARRY_CHAIN                                    ; MANUAL     ; Untyped             ;
; APEX20K_TECHNOLOGY_MAPPER                      ; LUT        ; TECH_MAPPER_APEX20K ;
; DEDICATED_MULTIPLIER_CIRCUITRY                 ; AUTO       ; Untyped             ;
; DEDICATED_MULTIPLIER_MIN_INPUT_WIDTH_FOR_AUTO  ; 0          ; Untyped             ;
; DEDICATED_MULTIPLIER_MIN_OUTPUT_WIDTH_FOR_AUTO ; 0          ; Untyped             ;
; CBXI_PARAMETER                                 ; NOTHING    ; Untyped             ;
; INPUT_A_FIXED_VALUE                            ; Bx         ; Untyped             ;
; INPUT_B_FIXED_VALUE                            ; Bx         ; Untyped             ;
; USE_AHDL_IMPLEMENTATION                        ; OFF        ; Untyped             ;
+------------------------------------------------+------------+---------------------+
Note: In order to hide this table in the UI and the text report file, please set the "Show Parameter Settings Tables in Synthesis Report" option in "Analysis and Synthesis Settings -> More Settings" to "Off".


+-----------------------------------------------------------------------------------+
; Parameter Settings for Inferred Entity Instance: lpm_mult:Mult2                   ;
+------------------------------------------------+------------+---------------------+
; Parameter Name                                 ; Value      ; Type                ;
+------------------------------------------------+------------+---------------------+
; AUTO_CARRY_CHAINS                              ; ON         ; AUTO_CARRY          ;
; IGNORE_CARRY_BUFFERS                           ; OFF        ; IGNORE_CARRY        ;
; AUTO_CASCADE_CHAINS                            ; ON         ; AUTO_CASCADE        ;
; IGNORE_CASCADE_BUFFERS                         ; OFF        ; IGNORE_CASCADE      ;
; LPM_WIDTHA                                     ; 8          ; Untyped             ;
; LPM_WIDTHB                                     ; 5          ; Untyped             ;
; LPM_WIDTHP                                     ; 13         ; Untyped             ;
; LPM_WIDTHR                                     ; 13         ; Untyped             ;
; LPM_WIDTHS                                     ; 1          ; Untyped             ;
; LPM_REPRESENTATION                             ; UNSIGNED   ; Untyped             ;
; LPM_PIPELINE                                   ; 0          ; Untyped             ;
; LATENCY                                        ; 0          ; Untyped             ;
; INPUT_A_IS_CONSTANT                            ; NO         ; Untyped             ;
; INPUT_B_IS_CONSTANT                            ; NO         ; Untyped             ;
; USE_EAB                                        ; OFF        ; Untyped             ;
; MAXIMIZE_SPEED                                 ; 5          ; Untyped             ;
; DEVICE_FAMILY                                  ; Cyclone II ; Untyped             ;
; CARRY_CHAIN                                    ; MANUAL     ; Untyped             ;
; APEX20K_TECHNOLOGY_MAPPER                      ; LUT        ; TECH_MAPPER_APEX20K ;
; DEDICATED_MULTIPLIER_CIRCUITRY                 ; AUTO       ; Untyped             ;
; DEDICATED_MULTIPLIER_MIN_INPUT_WIDTH_FOR_AUTO  ; 0          ; Untyped             ;
; DEDICATED_MULTIPLIER_MIN_OUTPUT_WIDTH_FOR_AUTO ; 0          ; Untyped             ;
; CBXI_PARAMETER                                 ; mult_6s01  ; Untyped             ;
; INPUT_A_FIXED_VALUE                            ; Bx         ; Untyped             ;
; INPUT_B_FIXED_VALUE                            ; Bx         ; Untyped             ;
; USE_AHDL_IMPLEMENTATION                        ; OFF        ; Untyped             ;
+------------------------------------------------+------------+---------------------+
Note: In order to hide this table in the UI and the text report file, please set the "Show Parameter Settings Tables in Synthesis Report" option in "Analysis and Synthesis Settings -> More Settings" to "Off".


+-----------------------------------------------------------------------------------+
; Parameter Settings for Inferred Entity Instance: lpm_mult:Mult0                   ;
+------------------------------------------------+------------+---------------------+
; Parameter Name                                 ; Value      ; Type                ;
+------------------------------------------------+------------+---------------------+
; AUTO_CARRY_CHAINS                              ; ON         ; AUTO_CARRY          ;
; IGNORE_CARRY_BUFFERS                           ; OFF        ; IGNORE_CARRY        ;
; AUTO_CASCADE_CHAINS                            ; ON         ; AUTO_CASCADE        ;
; IGNORE_CASCADE_BUFFERS                         ; OFF        ; IGNORE_CASCADE      ;
; LPM_WIDTHA                                     ; 7          ; Untyped             ;
; LPM_WIDTHB                                     ; 5          ; Untyped             ;
; LPM_WIDTHP                                     ; 12         ; Untyped             ;
; LPM_WIDTHR                                     ; 12         ; Untyped             ;
; LPM_WIDTHS                                     ; 1          ; Untyped             ;
; LPM_REPRESENTATION                             ; UNSIGNED   ; Untyped             ;
; LPM_PIPELINE                                   ; 0          ; Untyped             ;
; LATENCY                                        ; 0          ; Untyped             ;
; INPUT_A_IS_CONSTANT                            ; NO         ; Untyped             ;
; INPUT_B_IS_CONSTANT                            ; NO         ; Untyped             ;
; USE_EAB                                        ; OFF        ; Untyped             ;
; MAXIMIZE_SPEED                                 ; 5          ; Untyped             ;
; DEVICE_FAMILY                                  ; Cyclone II ; Untyped             ;
; CARRY_CHAIN                                    ; MANUAL     ; Untyped             ;
; APEX20K_TECHNOLOGY_MAPPER                      ; LUT        ; TECH_MAPPER_APEX20K ;
; DEDICATED_MULTIPLIER_CIRCUITRY                 ; AUTO       ; Untyped             ;
; DEDICATED_MULTIPLIER_MIN_INPUT_WIDTH_FOR_AUTO  ; 0          ; Untyped             ;
; DEDICATED_MULTIPLIER_MIN_OUTPUT_WIDTH_FOR_AUTO ; 0          ; Untyped             ;
; CBXI_PARAMETER                                 ; mult_4s01  ; Untyped             ;
; INPUT_A_FIXED_VALUE                            ; Bx         ; Untyped             ;
; INPUT_B_FIXED_VALUE                            ; Bx         ; Untyped             ;
; USE_AHDL_IMPLEMENTATION                        ; OFF        ; Untyped             ;
+------------------------------------------------+------------+---------------------+
Note: In order to hide this table in the UI and the text report file, please set the "Show Parameter Settings Tables in Synthesis Report" option in "Analysis and Synthesis Settings -> More Settings" to "Off".


+--------------------------------------------------------+
; lpm_mult Parameter Settings by Entity Instance         ;
+---------------------------------------+----------------+
; Name                                  ; Value          ;
+---------------------------------------+----------------+
; Number of entity instances            ; 3              ;
; Entity Instance                       ; lpm_mult:Mult1 ;
;     -- LPM_WIDTHA                     ; 3              ;
;     -- LPM_WIDTHB                     ; 5              ;
;     -- LPM_WIDTHP                     ; 8              ;
;     -- LPM_REPRESENTATION             ; UNSIGNED       ;
;     -- INPUT_A_IS_CONSTANT            ; NO             ;
;     -- INPUT_B_IS_CONSTANT            ; NO             ;
;     -- USE_EAB                        ; OFF            ;
;     -- DEDICATED_MULTIPLIER_CIRCUITRY ; AUTO           ;
;     -- INPUT_A_FIXED_VALUE            ; Bx             ;
;     -- INPUT_B_FIXED_VALUE            ; Bx             ;
; Entity Instance                       ; lpm_mult:Mult2 ;
;     -- LPM_WIDTHA                     ; 8              ;
;     -- LPM_WIDTHB                     ; 5              ;
;     -- LPM_WIDTHP                     ; 13             ;
;     -- LPM_REPRESENTATION             ; UNSIGNED       ;
;     -- INPUT_A_IS_CONSTANT            ; NO             ;
;     -- INPUT_B_IS_CONSTANT            ; NO             ;
;     -- USE_EAB                        ; OFF            ;
;     -- DEDICATED_MULTIPLIER_CIRCUITRY ; AUTO           ;
;     -- INPUT_A_FIXED_VALUE            ; Bx             ;
;     -- INPUT_B_FIXED_VALUE            ; Bx             ;
; Entity Instance                       ; lpm_mult:Mult0 ;
;     -- LPM_WIDTHA                     ; 7              ;
;     -- LPM_WIDTHB                     ; 5              ;
;     -- LPM_WIDTHP                     ; 12             ;
;     -- LPM_REPRESENTATION             ; UNSIGNED       ;
;     -- INPUT_A_IS_CONSTANT            ; NO             ;
;     -- INPUT_B_IS_CONSTANT            ; NO             ;
;     -- USE_EAB                        ; OFF            ;
;     -- DEDICATED_MULTIPLIER_CIRCUITRY ; AUTO           ;
;     -- INPUT_A_FIXED_VALUE            ; Bx             ;
;     -- INPUT_B_FIXED_VALUE            ; Bx             ;
+---------------------------------------+----------------+


+--------------------------------+
; Analysis & Synthesis Equations ;
+--------------------------------+
The equations can be found in C:/Users/Owner/Documents/SKULE/Second Year/first semester/Digital Systems/quartus/project/working/drawSprite/drawSprite.map.eqn.


+-------------------------------+
; Analysis & Synthesis Messages ;
+-------------------------------+
Info: *******************************************************************
Info: Running Quartus II Analysis & Synthesis
    Info: Version 8.0 Build 231 07/10/2008 Service Pack 1 SJ Web Edition
    Info: Processing started: Mon Nov 17 16:29:51 2008
Info: Command: quartus_map --read_settings_files=on --write_settings_files=off drawSprite -c drawSprite
Info: Found 1 design units, including 1 entities, in source file addx.v
    Info: Found entity 1: addx
Info: Found 1 design units, including 1 entities, in source file addy.v
    Info: Found entity 1: addy
Info: Found 1 design units, including 1 entities, in source file drawSprite.v
    Info: Found entity 1: drawSprite
Info: Found 1 design units, including 1 entities, in source file nBitRegister.v
    Info: Found entity 1: nBitRegister
Info: Elaborating entity "drawSprite" for the top level hierarchy
Info: Elaborating entity "addx" for hierarchy "addx:XoffAdder"
Info: Elaborating entity "lpm_add_sub" for hierarchy "addx:XoffAdder|lpm_add_sub:lpm_add_sub_component"
Info: Elaborated megafunction instantiation "addx:XoffAdder|lpm_add_sub:lpm_add_sub_component"
Info: Instantiated megafunction "addx:XoffAdder|lpm_add_sub:lpm_add_sub_component" with the following parameter:
    Info: Parameter "lpm_direction" = "UNUSED"
    Info: Parameter "lpm_hint" = "ONE_INPUT_IS_CONSTANT=NO,CIN_USED=NO"
    Info: Parameter "lpm_representation" = "UNSIGNED"
    Info: Parameter "lpm_type" = "LPM_ADD_SUB"
    Info: Parameter "lpm_width" = "8"
Info: Found 1 design units, including 1 entities, in source file db/add_sub_big.tdf
    Info: Found entity 1: add_sub_big
Info: Elaborating entity "add_sub_big" for hierarchy "addx:XoffAdder|lpm_add_sub:lpm_add_sub_component|add_sub_big:auto_generated"
Info: Elaborating entity "nBitRegister" for hierarchy "nBitRegister:XOffsetReg"
Info: Elaborating entity "addy" for hierarchy "addy:YoffAdder"
Info: Elaborating entity "lpm_add_sub" for hierarchy "addy:YoffAdder|lpm_add_sub:lpm_add_sub_component"
Info: Elaborated megafunction instantiation "addy:YoffAdder|lpm_add_sub:lpm_add_sub_component"
Info: Instantiated megafunction "addy:YoffAdder|lpm_add_sub:lpm_add_sub_component" with the following parameter:
    Info: Parameter "lpm_direction" = "UNUSED"
    Info: Parameter "lpm_hint" = "ONE_INPUT_IS_CONSTANT=NO,CIN_USED=NO"
    Info: Parameter "lpm_representation" = "UNSIGNED"
    Info: Parameter "lpm_type" = "LPM_ADD_SUB"
    Info: Parameter "lpm_width" = "7"
Info: Found 1 design units, including 1 entities, in source file db/add_sub_aig.tdf
    Info: Found entity 1: add_sub_aig
Info: Elaborating entity "add_sub_aig" for hierarchy "addy:YoffAdder|lpm_add_sub:lpm_add_sub_component|add_sub_aig:auto_generated"
Info: Elaborating entity "nBitRegister" for hierarchy "nBitRegister:YOffsetReg"
Info: State machine "|drawSprite|Q" contains 5 states
Info: Selected Auto state machine encoding method for state machine "|drawSprite|Q"
Info: Encoding result for state machine "|drawSprite|Q"
    Info: Completed encoding using 5 state bits
        Info: Encoded state bit "Q.INC_X"
        Info: Encoded state bit "Q.DRAW"
        Info: Encoded state bit "Q.IDLE"
        Info: Encoded state bit "Q.000"
        Info: Encoded state bit "Q.INC_Y"
    Info: State "|drawSprite|Q.000" uses code string "00000"
    Info: State "|drawSprite|Q.IDLE" uses code string "00110"
    Info: State "|drawSprite|Q.DRAW" uses code string "01010"
    Info: State "|drawSprite|Q.INC_X" uses code string "10010"
    Info: State "|drawSprite|Q.INC_Y" uses code string "00011"
Info: Inferred 3 megafunctions from design logic
    Info: Inferred multiplier megafunction ("lpm_mult") from the following logic: "Mult1"
    Info: Inferred multiplier megafunction ("lpm_mult") from the following logic: "Mult2"
    Info: Inferred multiplier megafunction ("lpm_mult") from the following logic: "Mult0"
Info: Elaborated megafunction instantiation "lpm_mult:Mult1"
Info: Instantiated megafunction "lpm_mult:Mult1" with the following parameter:
    Info: Parameter "LPM_WIDTHA" = "3"
    Info: Parameter "LPM_WIDTHB" = "5"
    Info: Parameter "LPM_WIDTHP" = "8"
    Info: Parameter "LPM_WIDTHR" = "8"
    Info: Parameter "LPM_WIDTHS" = "1"
    Info: Parameter "LPM_REPRESENTATION" = "UNSIGNED"
    Info: Parameter "INPUT_A_IS_CONSTANT" = "NO"
    Info: Parameter "INPUT_B_IS_CONSTANT" = "NO"
    Info: Parameter "MAXIMIZE_SPEED" = "5"
    Info: Parameter "DEDICATED_MULTIPLIER_CIRCUITRY" = "AUTO"
Info: Elaborated megafunction instantiation "lpm_mult:Mult1|multcore:mult_core", which is child of megafunction instantiation "lpm_mult:Mult1"
Info: Elaborated megafunction instantiation "lpm_mult:Mult1|multcore:mult_core|mpar_add:padder", which is child of megafunction instantiation "lpm_mult:Mult1"
Info: Elaborated megafunction instantiation "lpm_mult:Mult1|multcore:mult_core|mpar_add:padder|lpm_add_sub:adder[0]", which is child of megafunction instantiation "lpm_mult:Mult1"
Info: Found 1 design units, including 1 entities, in source file db/add_sub_27h.tdf
    Info: Found entity 1: add_sub_27h
Info: Elaborated megafunction instantiation "lpm_mult:Mult1|multcore:mult_core|mpar_add:padder|mpar_add:sub_par_add", which is child of megafunction instantiation "lpm_mult:Mult1"
Info: Elaborated megafunction instantiation "lpm_mult:Mult1|multcore:mult_core|mpar_add:padder|mpar_add:sub_par_add|lpm_add_sub:adder[0]", which is child of megafunction instantiation "lpm_mult:Mult1"
Info: Found 1 design units, including 1 entities, in source file db/add_sub_37h.tdf
    Info: Found entity 1: add_sub_37h
Info: Elaborated megafunction instantiation "lpm_mult:Mult1|altshift:external_latency_ffs", which is child of megafunction instantiation "lpm_mult:Mult1"
Info: Elaborated megafunction instantiation "lpm_mult:Mult2"
Info: Instantiated megafunction "lpm_mult:Mult2" with the following parameter:
    Info: Parameter "LPM_WIDTHA" = "8"
    Info: Parameter "LPM_WIDTHB" = "5"
    Info: Parameter "LPM_WIDTHP" = "13"
    Info: Parameter "LPM_WIDTHR" = "13"
    Info: Parameter "LPM_WIDTHS" = "1"
    Info: Parameter "LPM_REPRESENTATION" = "UNSIGNED"
    Info: Parameter "INPUT_A_IS_CONSTANT" = "NO"
    Info: Parameter "INPUT_B_IS_CONSTANT" = "NO"
    Info: Parameter "MAXIMIZE_SPEED" = "5"
    Info: Parameter "DEDICATED_MULTIPLIER_CIRCUITRY" = "AUTO"
Info: Found 1 design units, including 1 entities, in source file db/mult_6s01.tdf
    Info: Found entity 1: mult_6s01
Info: Elaborated megafunction instantiation "lpm_mult:Mult0"
Info: Instantiated megafunction "lpm_mult:Mult0" with the following parameter:
    Info: Parameter "LPM_WIDTHA" = "7"
    Info: Parameter "LPM_WIDTHB" = "5"
    Info: Parameter "LPM_WIDTHP" = "12"
    Info: Parameter "LPM_WIDTHR" = "12"
    Info: Parameter "LPM_WIDTHS" = "1"
    Info: Parameter "LPM_REPRESENTATION" = "UNSIGNED"
    Info: Parameter "INPUT_A_IS_CONSTANT" = "NO"
    Info: Parameter "INPUT_B_IS_CONSTANT" = "NO"
    Info: Parameter "MAXIMIZE_SPEED" = "5"
    Info: Parameter "DEDICATED_MULTIPLIER_CIRCUITRY" = "AUTO"
Info: Found 1 design units, including 1 entities, in source file db/mult_4s01.tdf
    Info: Found entity 1: mult_4s01
Info: 2 registers lost all their fanouts during netlist optimizations. The first 2 are displayed below.
    Info: Register "Q~19" lost all its fanouts during netlist optimizations.
    Info: Register "Q~20" lost all its fanouts during netlist optimizations.
Info: Implemented 204 device resources after synthesis - the final resource count might be different
    Info: Implemented 43 input pins
    Info: Implemented 41 output pins
    Info: Implemented 118 logic cells
    Info: Implemented 2 DSP elements
Info: Quartus II Analysis & Synthesis was successful. 0 errors, 0 warnings
    Info: Peak virtual memory: 196 megabytes
    Info: Processing ended: Mon Nov 17 16:29:56 2008
    Info: Elapsed time: 00:00:05
    Info: Total CPU time (on all processors): 00:00:04


