Flow report for drawBackground
Tue Nov 18 12:17:41 2008
Quartus II Version 7.1 Build 178 06/25/2007 Service Pack 1 SJ Full Version


---------------------
; Table of Contents ;
---------------------
  1. Legal Notice
  2. Flow Summary
  3. Flow Settings
  4. Flow Non-Default Global Settings
  5. Flow Elapsed Time
  6. Flow Log



----------------
; Legal Notice ;
----------------
Copyright (C) 1991-2007 Altera Corporation
Your use of Altera Corporation's design tools, logic functions 
and other software and tools, and its AMPP partner logic 
functions, and any output files from any of the foregoing 
(including device programming or simulation files), and any 
associated documentation or information are expressly subject 
to the terms and conditions of the Altera Program License 
Subscription Agreement, Altera MegaCore Function License 
Agreement, or other applicable license agreement, including, 
without limitation, that your use is for the sole purpose of 
programming logic devices manufactured by Altera and sold by 
Altera or its authorized distributors.  Please refer to the 
applicable agreement for further details.



+------------------------------------------------------------------------------------+
; Flow Summary                                                                       ;
+------------------------------------+-----------------------------------------------+
; Flow Status                        ; Analyzed - Tue Nov 18 12:17:41 2008           ;
; Quartus II Version                 ; 7.1 Build 178 06/25/2007 SP 1 SJ Full Version ;
; Revision Name                      ; drawBackground                                ;
; Top-level Entity Name              ; drawBackground                                ;
; Family                             ; Cyclone II                                    ;
; Device                             ; EP2C35F672C6                                  ;
; Timing Models                      ; Final                                         ;
; Met timing requirements            ; Yes                                           ;
; Total logic elements               ; 120 / 33,216 ( < 1 % )                        ;
;     Total combinational functions  ; 120 / 33,216 ( < 1 % )                        ;
;     Dedicated logic registers      ; 42 / 33,216 ( < 1 % )                         ;
; Total registers                    ; 42                                            ;
; Total pins                         ; 64 / 475 ( 13 % )                             ;
; Total virtual pins                 ; 0                                             ;
; Total memory bits                  ; 99,216 / 483,840 ( 21 % )                     ;
; Embedded Multiplier 9-bit elements ; 2 / 70 ( 3 % )                                ;
; Total PLLs                         ; 0 / 4 ( 0 % )                                 ;
+------------------------------------+-----------------------------------------------+


+-----------------------------------------+
; Flow Settings                           ;
+-------------------+---------------------+
; Option            ; Setting             ;
+-------------------+---------------------+
; Start date & time ; 11/18/2008 12:16:40 ;
; Main task         ; Compilation         ;
; Revision Name     ; drawBackground      ;
+-------------------+---------------------+


+---------------------------------------------------------------------------------------------------------------------------------------------------------------------------------------------------------------------------------------------------------------------------------------------------------+
; Flow Non-Default Global Settings                                                                                                                                                                                                                                                                        ;
+-------------------------------+------------------------------------------------------------------------------------------------------------------------------------------------------------------------------------------------------------------------------+---------------+-------------+------------+
; Assignment Name               ; Value                                                                                                                                                                                                                        ; Default Value ; Entity Name ; Section Id ;
+-------------------------------+------------------------------------------------------------------------------------------------------------------------------------------------------------------------------------------------------------------------------+---------------+-------------+------------+
; ENABLE_DA_RULE                ; C101, C102, C103, C104, C105, C106, R101, R102, R103, R104, R105, T101, T102, A101, A102, A103, A104, A105, A106, A107, A108, A109, A110, S101, S102, S103, S104, D101, D102, D103, H101, H102, M101, M102, M103, M104, M105 ; --            ; --          ; --         ;
; ENABLE_DRC_SETTINGS           ; On                                                                                                                                                                                                                           ; Off           ; --          ; --         ;
; ENABLE_SIGNALTAP              ; Off                                                                                                                                                                                                                          ; --            ; --          ; --         ;
; MAX_CORE_JUNCTION_TEMP        ; 85                                                                                                                                                                                                                           ; --            ; --          ; --         ;
; MIN_CORE_JUNCTION_TEMP        ; 0                                                                                                                                                                                                                            ; --            ; --          ; --         ;
; PARTITION_NETLIST_TYPE        ; SOURCE                                                                                                                                                                                                                       ; --            ; --          ; Top        ;
; POWER_BOARD_THERMAL_MODEL     ; None (CONSERVATIVE)                                                                                                                                                                                                          ; --            ; --          ; --         ;
; POWER_PRESET_COOLING_SOLUTION ; 23 MM HEAT SINK WITH 200 LFPM AIRFLOW                                                                                                                                                                                        ; --            ; --          ; --         ;
+-------------------------------+------------------------------------------------------------------------------------------------------------------------------------------------------------------------------------------------------------------------------+---------------+-------------+------------+


+----------------------------------------+
; Flow Elapsed Time                      ;
+-------------------------+--------------+
; Module Name             ; Elapsed Time ;
+-------------------------+--------------+
; Analysis & Synthesis    ; 00:00:09     ;
; Fitter                  ; 00:00:10     ;
; Assembler               ; 00:00:11     ;
; Classic Timing Analyzer ; 00:00:03     ;
; Design Assistant        ; 00:00:03     ;
; Total                   ; 00:00:36     ;
+-------------------------+--------------+


------------
; Flow Log ;
------------
quartus_map --read_settings_files=on --write_settings_files=off drawBackground -c drawBackground
quartus_fit --read_settings_files=off --write_settings_files=off drawBackground -c drawBackground
quartus_asm --read_settings_files=off --write_settings_files=off drawBackground -c drawBackground
quartus_tan --read_settings_files=off --write_settings_files=off drawBackground -c drawBackground --timing_analysis_only
quartus_drc --read_settings_files=off --write_settings_files=off drawBackground -c drawBackground



