Simulator report for drawBackground
Tue Nov 11 11:19:03 2008
Quartus II Version 7.1 Build 178 06/25/2007 Service Pack 1 SJ Full Version


---------------------
; Table of Contents ;
---------------------
  1. Legal Notice
  2. Simulator Summary
  3. Simulator Settings
  4. Simulation Waveforms
  5. |drawBackground|tile0:grass_tile|altsyncram:altsyncram_component|altsyncram_30d1:auto_generated|ALTSYNCRAM
  6. |drawBackground|tile1:sky_tile|altsyncram:altsyncram_component|altsyncram_had1:auto_generated|ALTSYNCRAM
  7. |drawBackground|level1:level_mem|altsyncram:altsyncram_component|altsyncram_q7d1:auto_generated|ALTSYNCRAM
  8. Coverage Summary
  9. Complete 1/0-Value Coverage
 10. Missing 1-Value Coverage
 11. Missing 0-Value Coverage
 12. Simulator INI Usage
 13. Simulator Messages



----------------
; Legal Notice ;
----------------
Copyright (C) 1991-2007 Altera Corporation
Your use of Altera Corporation's design tools, logic functions 
and other software and tools, and its AMPP partner logic 
functions, and any output files from any of the foregoing 
(including device programming or simulation files), and any 
associated documentation or information are expressly subject 
to the terms and conditions of the Altera Program License 
Subscription Agreement, Altera MegaCore Function License 
Agreement, or other applicable license agreement, including, 
without limitation, that your use is for the sole purpose of 
programming logic devices manufactured by Altera and sold by 
Altera or its authorized distributors.  Please refer to the 
applicable agreement for further details.



+--------------------------------------------+
; Simulator Summary                          ;
+-----------------------------+--------------+
; Type                        ; Value        ;
+-----------------------------+--------------+
; Simulation Start Time       ; 0 ps         ;
; Simulation End Time         ; 100.0 us     ;
; Simulation Netlist Size     ; 147 nodes    ;
; Simulation Coverage         ;      60.98 % ;
; Total Number of Transitions ; 187213       ;
; Simulation Breakpoints      ; 0            ;
; Family                      ; Cyclone II   ;
; Device                      ; EP2C35F672C6 ;
+-----------------------------+--------------+


+-------------------------------------------------------------------------------------------------------------------------+
; Simulator Settings                                                                                                      ;
+--------------------------------------------------------------------------------------------+------------+---------------+
; Option                                                                                     ; Setting    ; Default Value ;
+--------------------------------------------------------------------------------------------+------------+---------------+
; Simulation mode                                                                            ; Timing     ; Timing        ;
; Start time                                                                                 ; 0 ns       ; 0 ns          ;
; Simulation results format                                                                  ; CVWF       ;               ;
; Add pins automatically to simulation output waveforms                                      ; On         ; On            ;
; Check outputs                                                                              ; Off        ; Off           ;
; Report simulation coverage                                                                 ; On         ; On            ;
; Display complete 1/0 value coverage report                                                 ; On         ; On            ;
; Display missing 1-value coverage report                                                    ; On         ; On            ;
; Display missing 0-value coverage report                                                    ; On         ; On            ;
; Detect setup and hold time violations                                                      ; Off        ; Off           ;
; Detect glitches                                                                            ; Off        ; Off           ;
; Disable timing delays in Timing Simulation                                                 ; Off        ; Off           ;
; Generate Signal Activity File                                                              ; Off        ; Off           ;
; Generate VCD File for PowerPlay Power Analyzer                                             ; Off        ; Off           ;
; Group bus channels in simulation results                                                   ; Off        ; Off           ;
; Preserve fewer signal transitions to reduce memory requirements                            ; On         ; On            ;
; Trigger vector comparison with the specified mode                                          ; INPUT_EDGE ; INPUT_EDGE    ;
; Disable setup and hold time violations detection in input registers of bi-directional pins ; Off        ; Off           ;
; Overwrite Waveform Inputs With Simulation Outputs                                          ; Off        ;               ;
; Perform Glitch Filtering in Timing Simulation                                              ; Auto       ; Auto          ;
+--------------------------------------------------------------------------------------------+------------+---------------+


+----------------------+
; Simulation Waveforms ;
+----------------------+
Waveform report data cannot be output to ASCII.
Please use Quartus II to view the waveform report data.


+------------------------------------------------------------------------------------------------------------+
; |drawBackground|tile0:grass_tile|altsyncram:altsyncram_component|altsyncram_30d1:auto_generated|ALTSYNCRAM ;
+------------------------------------------------------------------------------------------------------------+
Memory report data cannot be output to ASCII.
Please use Quartus II to view the memory report data.


+----------------------------------------------------------------------------------------------------------+
; |drawBackground|tile1:sky_tile|altsyncram:altsyncram_component|altsyncram_had1:auto_generated|ALTSYNCRAM ;
+----------------------------------------------------------------------------------------------------------+
Memory report data cannot be output to ASCII.
Please use Quartus II to view the memory report data.


+------------------------------------------------------------------------------------------------------------+
; |drawBackground|level1:level_mem|altsyncram:altsyncram_component|altsyncram_q7d1:auto_generated|ALTSYNCRAM ;
+------------------------------------------------------------------------------------------------------------+
Memory report data cannot be output to ASCII.
Please use Quartus II to view the memory report data.


+--------------------------------------------------------------------+
; Coverage Summary                                                   ;
+-----------------------------------------------------+--------------+
; Type                                                ; Value        ;
+-----------------------------------------------------+--------------+
; Total coverage as a percentage                      ;      60.98 % ;
; Total nodes checked                                 ; 147          ;
; Total output ports checked                          ; 205          ;
; Total output ports with complete 1/0-value coverage ; 125          ;
; Total output ports with no 1/0-value coverage       ; 68           ;
; Total output ports with no 1-value coverage         ; 69           ;
; Total output ports with no 0-value coverage         ; 79           ;
+-----------------------------------------------------+--------------+


The following table displays output ports that toggle between 1 and 0 during simulation.
+-----------------------------------------------------------------------------------------------------------------------------------------------------------------------------------------------------------------------------------------------------------------------+
; Complete 1/0-Value Coverage                                                                                                                                                                                                                                           ;
+------------------------------------------------------------------------------------------------------------------------+---------------------------------------------------------------------------------------------------------------------------+------------------+
; Node Name                                                                                                              ; Output Port Name                                                                                                          ; Output Port Type ;
+------------------------------------------------------------------------------------------------------------------------+---------------------------------------------------------------------------------------------------------------------------+------------------+
; |drawBackground|tile0:grass_tile|altsyncram:altsyncram_component|altsyncram_30d1:auto_generated|ram_block1a0           ; |drawBackground|tile0:grass_tile|altsyncram:altsyncram_component|altsyncram_30d1:auto_generated|q_a[0]                    ; portadataout0    ;
; |drawBackground|tile0:grass_tile|altsyncram:altsyncram_component|altsyncram_30d1:auto_generated|ram_block1a0           ; |drawBackground|tile0:grass_tile|altsyncram:altsyncram_component|altsyncram_30d1:auto_generated|q_a[2]                    ; portadataout2    ;
; |drawBackground|tile0:grass_tile|altsyncram:altsyncram_component|altsyncram_30d1:auto_generated|ram_block1a0           ; |drawBackground|tile1:sky_tile|altsyncram:altsyncram_component|altsyncram_had1:auto_generated|q_a[0]                      ; portadataout3    ;
; |drawBackground|tile0:grass_tile|altsyncram:altsyncram_component|altsyncram_30d1:auto_generated|ram_block1a0           ; |drawBackground|tile1:sky_tile|altsyncram:altsyncram_component|altsyncram_had1:auto_generated|q_a[1]                      ; portadataout4    ;
; |drawBackground|tile0:grass_tile|altsyncram:altsyncram_component|altsyncram_30d1:auto_generated|ram_block1a0           ; |drawBackground|tile1:sky_tile|altsyncram:altsyncram_component|altsyncram_had1:auto_generated|q_a[2]                      ; portadataout5    ;
; |drawBackground|level1:level_mem|altsyncram:altsyncram_component|altsyncram_q7d1:auto_generated|ram_block1a0           ; |drawBackground|level1:level_mem|altsyncram:altsyncram_component|altsyncram_q7d1:auto_generated|ram_block1a0              ; portadataout0    ;
; |drawBackground|counter5b:tile_counterx|lpm_counter:lpm_counter_component|cntr_4oi:auto_generated|counter_reg_bit1a[4] ; |drawBackground|counter5b:tile_counterx|lpm_counter:lpm_counter_component|cntr_4oi:auto_generated|safe_q[4]               ; regout           ;
; |drawBackground|counter5b:tile_counterx|lpm_counter:lpm_counter_component|cntr_4oi:auto_generated|counter_reg_bit1a[2] ; |drawBackground|counter5b:tile_counterx|lpm_counter:lpm_counter_component|cntr_4oi:auto_generated|safe_q[2]               ; regout           ;
; |drawBackground|counter5b:tile_counterx|lpm_counter:lpm_counter_component|cntr_4oi:auto_generated|counter_reg_bit1a[3] ; |drawBackground|counter5b:tile_counterx|lpm_counter:lpm_counter_component|cntr_4oi:auto_generated|safe_q[3]               ; regout           ;
; |drawBackground|counter5b:tile_counterx|lpm_counter:lpm_counter_component|cntr_4oi:auto_generated|counter_reg_bit1a[1] ; |drawBackground|counter5b:tile_counterx|lpm_counter:lpm_counter_component|cntr_4oi:auto_generated|safe_q[1]               ; regout           ;
; |drawBackground|counter5b:tile_counterx|lpm_counter:lpm_counter_component|cntr_4oi:auto_generated|counter_reg_bit1a[0] ; |drawBackground|counter5b:tile_counterx|lpm_counter:lpm_counter_component|cntr_4oi:auto_generated|safe_q[0]               ; regout           ;
; |drawBackground|counter3b:draw_counterx|lpm_counter:lpm_counter_component|cntr_2oi:auto_generated|counter_reg_bit1a[0] ; |drawBackground|counter3b:draw_counterx|lpm_counter:lpm_counter_component|cntr_2oi:auto_generated|safe_q[0]               ; regout           ;
; |drawBackground|counter3b:draw_counterx|lpm_counter:lpm_counter_component|cntr_2oi:auto_generated|counter_reg_bit1a[1] ; |drawBackground|counter3b:draw_counterx|lpm_counter:lpm_counter_component|cntr_2oi:auto_generated|safe_q[1]               ; regout           ;
; |drawBackground|counter3b:draw_counterx|lpm_counter:lpm_counter_component|cntr_2oi:auto_generated|counter_reg_bit1a[2] ; |drawBackground|counter3b:draw_counterx|lpm_counter:lpm_counter_component|cntr_2oi:auto_generated|safe_q[2]               ; regout           ;
; |drawBackground|counter4b:draw_countery|lpm_counter:lpm_counter_component|cntr_3oi:auto_generated|counter_reg_bit1a[0] ; |drawBackground|counter4b:draw_countery|lpm_counter:lpm_counter_component|cntr_3oi:auto_generated|safe_q[0]               ; regout           ;
; |drawBackground|counter4b:draw_countery|lpm_counter:lpm_counter_component|cntr_3oi:auto_generated|counter_reg_bit1a[1] ; |drawBackground|counter4b:draw_countery|lpm_counter:lpm_counter_component|cntr_3oi:auto_generated|safe_q[1]               ; regout           ;
; |drawBackground|counter4b:draw_countery|lpm_counter:lpm_counter_component|cntr_3oi:auto_generated|counter_reg_bit1a[2] ; |drawBackground|counter4b:draw_countery|lpm_counter:lpm_counter_component|cntr_3oi:auto_generated|safe_q[2]               ; regout           ;
; |drawBackground|counter4b:draw_countery|lpm_counter:lpm_counter_component|cntr_3oi:auto_generated|counter_reg_bit1a[3] ; |drawBackground|counter4b:draw_countery|lpm_counter:lpm_counter_component|cntr_3oi:auto_generated|safe_q[3]               ; regout           ;
; |drawBackground|Add0~48                                                                                                ; |drawBackground|Add0~48                                                                                                   ; combout          ;
; |drawBackground|Add0~48                                                                                                ; |drawBackground|Add0~49                                                                                                   ; cout             ;
; |drawBackground|Add0~50                                                                                                ; |drawBackground|Add0~50                                                                                                   ; combout          ;
; |drawBackground|Add1~96                                                                                                ; |drawBackground|Add1~96                                                                                                   ; combout          ;
; |drawBackground|Add1~98                                                                                                ; |drawBackground|Add1~98                                                                                                   ; combout          ;
; |drawBackground|Add1~100                                                                                               ; |drawBackground|Add1~100                                                                                                  ; combout          ;
; |drawBackground|level_address[2]~24                                                                                    ; |drawBackground|level_address[2]~24                                                                                       ; combout          ;
; |drawBackground|level_address[2]~24                                                                                    ; |drawBackground|level_address[2]~25                                                                                       ; cout             ;
; |drawBackground|Add1~102                                                                                               ; |drawBackground|Add1~102                                                                                                  ; combout          ;
; |drawBackground|level_address[3]~26                                                                                    ; |drawBackground|level_address[3]~26                                                                                       ; combout          ;
; |drawBackground|Add1~104                                                                                               ; |drawBackground|Add1~104                                                                                                  ; combout          ;
; |drawBackground|level_address[4]~28                                                                                    ; |drawBackground|level_address[4]~28                                                                                       ; combout          ;
; |drawBackground|counter5b:tile_counterx|lpm_counter:lpm_counter_component|cntr_4oi:auto_generated|counter_comb_bita0   ; |drawBackground|counter5b:tile_counterx|lpm_counter:lpm_counter_component|cntr_4oi:auto_generated|counter_comb_bita0      ; combout          ;
; |drawBackground|counter5b:tile_counterx|lpm_counter:lpm_counter_component|cntr_4oi:auto_generated|counter_comb_bita0   ; |drawBackground|counter5b:tile_counterx|lpm_counter:lpm_counter_component|cntr_4oi:auto_generated|counter_comb_bita0~COUT ; cout             ;
; |drawBackground|counter5b:tile_counterx|lpm_counter:lpm_counter_component|cntr_4oi:auto_generated|counter_comb_bita1   ; |drawBackground|counter5b:tile_counterx|lpm_counter:lpm_counter_component|cntr_4oi:auto_generated|counter_comb_bita1      ; combout          ;
; |drawBackground|counter5b:tile_counterx|lpm_counter:lpm_counter_component|cntr_4oi:auto_generated|counter_comb_bita1   ; |drawBackground|counter5b:tile_counterx|lpm_counter:lpm_counter_component|cntr_4oi:auto_generated|counter_comb_bita1~COUT ; cout             ;
; |drawBackground|counter5b:tile_counterx|lpm_counter:lpm_counter_component|cntr_4oi:auto_generated|counter_comb_bita2   ; |drawBackground|counter5b:tile_counterx|lpm_counter:lpm_counter_component|cntr_4oi:auto_generated|counter_comb_bita2      ; combout          ;
; |drawBackground|counter5b:tile_counterx|lpm_counter:lpm_counter_component|cntr_4oi:auto_generated|counter_comb_bita2   ; |drawBackground|counter5b:tile_counterx|lpm_counter:lpm_counter_component|cntr_4oi:auto_generated|counter_comb_bita2~COUT ; cout             ;
; |drawBackground|counter5b:tile_counterx|lpm_counter:lpm_counter_component|cntr_4oi:auto_generated|counter_comb_bita3   ; |drawBackground|counter5b:tile_counterx|lpm_counter:lpm_counter_component|cntr_4oi:auto_generated|counter_comb_bita3      ; combout          ;
; |drawBackground|counter5b:tile_counterx|lpm_counter:lpm_counter_component|cntr_4oi:auto_generated|counter_comb_bita3   ; |drawBackground|counter5b:tile_counterx|lpm_counter:lpm_counter_component|cntr_4oi:auto_generated|counter_comb_bita3~COUT ; cout             ;
; |drawBackground|counter5b:tile_counterx|lpm_counter:lpm_counter_component|cntr_4oi:auto_generated|counter_comb_bita4   ; |drawBackground|counter5b:tile_counterx|lpm_counter:lpm_counter_component|cntr_4oi:auto_generated|counter_comb_bita4      ; combout          ;
; |drawBackground|counter3b:draw_counterx|lpm_counter:lpm_counter_component|cntr_2oi:auto_generated|counter_comb_bita0   ; |drawBackground|counter3b:draw_counterx|lpm_counter:lpm_counter_component|cntr_2oi:auto_generated|counter_comb_bita0      ; combout          ;
; |drawBackground|counter3b:draw_counterx|lpm_counter:lpm_counter_component|cntr_2oi:auto_generated|counter_comb_bita0   ; |drawBackground|counter3b:draw_counterx|lpm_counter:lpm_counter_component|cntr_2oi:auto_generated|counter_comb_bita0~COUT ; cout             ;
; |drawBackground|counter3b:draw_counterx|lpm_counter:lpm_counter_component|cntr_2oi:auto_generated|counter_comb_bita1   ; |drawBackground|counter3b:draw_counterx|lpm_counter:lpm_counter_component|cntr_2oi:auto_generated|counter_comb_bita1      ; combout          ;
; |drawBackground|counter3b:draw_counterx|lpm_counter:lpm_counter_component|cntr_2oi:auto_generated|counter_comb_bita1   ; |drawBackground|counter3b:draw_counterx|lpm_counter:lpm_counter_component|cntr_2oi:auto_generated|counter_comb_bita1~COUT ; cout             ;
; |drawBackground|counter3b:draw_counterx|lpm_counter:lpm_counter_component|cntr_2oi:auto_generated|counter_comb_bita2   ; |drawBackground|counter3b:draw_counterx|lpm_counter:lpm_counter_component|cntr_2oi:auto_generated|counter_comb_bita2      ; combout          ;
; |drawBackground|counter4b:draw_countery|lpm_counter:lpm_counter_component|cntr_3oi:auto_generated|counter_comb_bita0   ; |drawBackground|counter4b:draw_countery|lpm_counter:lpm_counter_component|cntr_3oi:auto_generated|counter_comb_bita0      ; combout          ;
; |drawBackground|counter4b:draw_countery|lpm_counter:lpm_counter_component|cntr_3oi:auto_generated|counter_comb_bita0   ; |drawBackground|counter4b:draw_countery|lpm_counter:lpm_counter_component|cntr_3oi:auto_generated|counter_comb_bita0~COUT ; cout             ;
; |drawBackground|counter4b:draw_countery|lpm_counter:lpm_counter_component|cntr_3oi:auto_generated|counter_comb_bita1   ; |drawBackground|counter4b:draw_countery|lpm_counter:lpm_counter_component|cntr_3oi:auto_generated|counter_comb_bita1      ; combout          ;
; |drawBackground|counter4b:draw_countery|lpm_counter:lpm_counter_component|cntr_3oi:auto_generated|counter_comb_bita1   ; |drawBackground|counter4b:draw_countery|lpm_counter:lpm_counter_component|cntr_3oi:auto_generated|counter_comb_bita1~COUT ; cout             ;
; |drawBackground|counter4b:draw_countery|lpm_counter:lpm_counter_component|cntr_3oi:auto_generated|counter_comb_bita2   ; |drawBackground|counter4b:draw_countery|lpm_counter:lpm_counter_component|cntr_3oi:auto_generated|counter_comb_bita2      ; combout          ;
; |drawBackground|counter4b:draw_countery|lpm_counter:lpm_counter_component|cntr_3oi:auto_generated|counter_comb_bita2   ; |drawBackground|counter4b:draw_countery|lpm_counter:lpm_counter_component|cntr_3oi:auto_generated|counter_comb_bita2~COUT ; cout             ;
; |drawBackground|counter4b:draw_countery|lpm_counter:lpm_counter_component|cntr_3oi:auto_generated|counter_comb_bita3   ; |drawBackground|counter4b:draw_countery|lpm_counter:lpm_counter_component|cntr_3oi:auto_generated|counter_comb_bita3      ; combout          ;
; |drawBackground|p_Q[2]~reg0                                                                                            ; |drawBackground|p_Q[2]~reg0                                                                                               ; regout           ;
; |drawBackground|p_Q[1]~reg0                                                                                            ; |drawBackground|p_Q[1]~reg0                                                                                               ; regout           ;
; |drawBackground|p_Q[0]~reg0                                                                                            ; |drawBackground|p_Q[0]~reg0                                                                                               ; regout           ;
; |drawBackground|Mux0~144                                                                                               ; |drawBackground|Mux0~144                                                                                                  ; combout          ;
; |drawBackground|Equal0~89                                                                                              ; |drawBackground|Equal0~89                                                                                                 ; combout          ;
; |drawBackground|Mux1~361                                                                                               ; |drawBackground|Mux1~361                                                                                                  ; combout          ;
; |drawBackground|Mux1~362                                                                                               ; |drawBackground|Mux1~362                                                                                                  ; combout          ;
; |drawBackground|Mux1~364                                                                                               ; |drawBackground|Mux1~364                                                                                                  ; combout          ;
; |drawBackground|Mux1~365                                                                                               ; |drawBackground|Mux1~365                                                                                                  ; combout          ;
; |drawBackground|color_output~684                                                                                       ; |drawBackground|color_output~684                                                                                          ; combout          ;
; |drawBackground|color_output~685                                                                                       ; |drawBackground|color_output~685                                                                                          ; combout          ;
; |drawBackground|color_output~686                                                                                       ; |drawBackground|color_output~686                                                                                          ; combout          ;
; |drawBackground|y_Q[1]~reg0                                                                                            ; |drawBackground|y_Q[1]~reg0                                                                                               ; regout           ;
; |drawBackground|y_Q[0]~reg0                                                                                            ; |drawBackground|y_Q[0]~reg0                                                                                               ; regout           ;
; |drawBackground|Mux0~145                                                                                               ; |drawBackground|Mux0~145                                                                                                  ; combout          ;
; |drawBackground|Mux2~37                                                                                                ; |drawBackground|Mux2~37                                                                                                   ; combout          ;
; |drawBackground|Mux2~38                                                                                                ; |drawBackground|Mux2~38                                                                                                   ; combout          ;
; |drawBackground|Mux2~39                                                                                                ; |drawBackground|Mux2~39                                                                                                   ; combout          ;
; |drawBackground|Mux9~336                                                                                               ; |drawBackground|Mux9~336                                                                                                  ; combout          ;
; |drawBackground|y_Q[2]~reg0                                                                                            ; |drawBackground|y_Q[2]~reg0                                                                                               ; regout           ;
; |drawBackground|Mux9~337                                                                                               ; |drawBackground|Mux9~337                                                                                                  ; combout          ;
; |drawBackground|Mux9~338                                                                                               ; |drawBackground|Mux9~338                                                                                                  ; combout          ;
; |drawBackground|Decoder2~96                                                                                            ; |drawBackground|Decoder2~96                                                                                               ; combout          ;
; |drawBackground|Mux3~57                                                                                                ; |drawBackground|Mux3~57                                                                                                   ; combout          ;
; |drawBackground|Mux9~339                                                                                               ; |drawBackground|Mux9~339                                                                                                  ; combout          ;
; |drawBackground|Decoder1~32                                                                                            ; |drawBackground|Decoder1~32                                                                                               ; combout          ;
; |drawBackground|Mux8~65                                                                                                ; |drawBackground|Mux8~65                                                                                                   ; combout          ;
; |drawBackground|Mux8~66                                                                                                ; |drawBackground|Mux8~66                                                                                                   ; combout          ;
; |drawBackground|Add3~207                                                                                               ; |drawBackground|Add3~207                                                                                                  ; combout          ;
; |drawBackground|Add3~208                                                                                               ; |drawBackground|Add3~208                                                                                                  ; combout          ;
; |drawBackground|Add3~209                                                                                               ; |drawBackground|Add3~209                                                                                                  ; combout          ;
; |drawBackground|Add3~210                                                                                               ; |drawBackground|Add3~210                                                                                                  ; combout          ;
; |drawBackground|Add3~211                                                                                               ; |drawBackground|Add3~211                                                                                                  ; combout          ;
; |drawBackground|Mux3~58                                                                                                ; |drawBackground|Mux3~58                                                                                                   ; combout          ;
; |drawBackground|counter5b:tile_counterx|lpm_counter:lpm_counter_component|cntr_4oi:auto_generated|_~2                  ; |drawBackground|counter5b:tile_counterx|lpm_counter:lpm_counter_component|cntr_4oi:auto_generated|_~2                     ; combout          ;
; |drawBackground|Mux10~25                                                                                               ; |drawBackground|Mux10~25                                                                                                  ; combout          ;
; |drawBackground|counter4b:draw_countery|lpm_counter:lpm_counter_component|cntr_3oi:auto_generated|_~2                  ; |drawBackground|counter4b:draw_countery|lpm_counter:lpm_counter_component|cntr_3oi:auto_generated|_~2                     ; combout          ;
; |drawBackground|Mux1~366                                                                                               ; |drawBackground|Mux1~366                                                                                                  ; combout          ;
; |drawBackground|Mux0~146                                                                                               ; |drawBackground|Mux0~146                                                                                                  ; combout          ;
; |drawBackground|Mux10~26                                                                                               ; |drawBackground|Mux10~26                                                                                                  ; combout          ;
; |drawBackground|counter3b:draw_counterx|lpm_counter:lpm_counter_component|cntr_2oi:auto_generated|_~2                  ; |drawBackground|counter3b:draw_counterx|lpm_counter:lpm_counter_component|cntr_2oi:auto_generated|_~2                     ; combout          ;
; |drawBackground|counter3b:draw_counterx|lpm_counter:lpm_counter_component|cntr_2oi:auto_generated|safe_q[0]~_wirecell  ; |drawBackground|counter3b:draw_counterx|lpm_counter:lpm_counter_component|cntr_2oi:auto_generated|safe_q[0]~_wirecell     ; combout          ;
; |drawBackground|color[0]                                                                                               ; |drawBackground|color[0]                                                                                                  ; padio            ;
; |drawBackground|color[1]                                                                                               ; |drawBackground|color[1]                                                                                                  ; padio            ;
; |drawBackground|color[2]                                                                                               ; |drawBackground|color[2]                                                                                                  ; padio            ;
; |drawBackground|x[0]                                                                                                   ; |drawBackground|x[0]                                                                                                      ; padio            ;
; |drawBackground|x[1]                                                                                                   ; |drawBackground|x[1]                                                                                                      ; padio            ;
; |drawBackground|x[2]                                                                                                   ; |drawBackground|x[2]                                                                                                      ; padio            ;
; |drawBackground|x[3]                                                                                                   ; |drawBackground|x[3]                                                                                                      ; padio            ;
; |drawBackground|x[4]                                                                                                   ; |drawBackground|x[4]                                                                                                      ; padio            ;
; |drawBackground|x[5]                                                                                                   ; |drawBackground|x[5]                                                                                                      ; padio            ;
; |drawBackground|x[6]                                                                                                   ; |drawBackground|x[6]                                                                                                      ; padio            ;
; |drawBackground|x[7]                                                                                                   ; |drawBackground|x[7]                                                                                                      ; padio            ;
; |drawBackground|y[0]                                                                                                   ; |drawBackground|y[0]                                                                                                      ; padio            ;
; |drawBackground|y[1]                                                                                                   ; |drawBackground|y[1]                                                                                                      ; padio            ;
; |drawBackground|y[2]                                                                                                   ; |drawBackground|y[2]                                                                                                      ; padio            ;
; |drawBackground|y[3]                                                                                                   ; |drawBackground|y[3]                                                                                                      ; padio            ;
; |drawBackground|y[4]                                                                                                   ; |drawBackground|y[4]                                                                                                      ; padio            ;
; |drawBackground|plot                                                                                                   ; |drawBackground|plot                                                                                                      ; padio            ;
; |drawBackground|done                                                                                                   ; |drawBackground|done                                                                                                      ; padio            ;
; |drawBackground|p_Q[0]                                                                                                 ; |drawBackground|p_Q[0]                                                                                                    ; padio            ;
; |drawBackground|p_Q[1]                                                                                                 ; |drawBackground|p_Q[1]                                                                                                    ; padio            ;
; |drawBackground|p_Q[2]                                                                                                 ; |drawBackground|p_Q[2]                                                                                                    ; padio            ;
; |drawBackground|p_D[0]                                                                                                 ; |drawBackground|p_D[0]                                                                                                    ; padio            ;
; |drawBackground|p_D[1]                                                                                                 ; |drawBackground|p_D[1]                                                                                                    ; padio            ;
; |drawBackground|p_D[2]                                                                                                 ; |drawBackground|p_D[2]                                                                                                    ; padio            ;
; |drawBackground|y_Q[0]                                                                                                 ; |drawBackground|y_Q[0]                                                                                                    ; padio            ;
; |drawBackground|y_Q[1]                                                                                                 ; |drawBackground|y_Q[1]                                                                                                    ; padio            ;
; |drawBackground|y_Q[2]                                                                                                 ; |drawBackground|y_Q[2]                                                                                                    ; padio            ;
; |drawBackground|y_D[0]                                                                                                 ; |drawBackground|y_D[0]                                                                                                    ; padio            ;
; |drawBackground|y_D[1]                                                                                                 ; |drawBackground|y_D[1]                                                                                                    ; padio            ;
; |drawBackground|y_D[2]                                                                                                 ; |drawBackground|y_D[2]                                                                                                    ; padio            ;
; |drawBackground|clock                                                                                                  ; |drawBackground|clock~corein                                                                                              ; combout          ;
; |drawBackground|clock~clkctrl                                                                                          ; |drawBackground|clock~clkctrl                                                                                             ; outclk           ;
+------------------------------------------------------------------------------------------------------------------------+---------------------------------------------------------------------------------------------------------------------------+------------------+


The following table displays output ports that do not toggle to 1 during simulation.
+-----------------------------------------------------------------------------------------------------------------------------------------------------------------------------------------------------------------------------------------------------------------------+
; Missing 1-Value Coverage                                                                                                                                                                                                                                              ;
+------------------------------------------------------------------------------------------------------------------------+---------------------------------------------------------------------------------------------------------------------------+------------------+
; Node Name                                                                                                              ; Output Port Name                                                                                                          ; Output Port Type ;
+------------------------------------------------------------------------------------------------------------------------+---------------------------------------------------------------------------------------------------------------------------+------------------+
; |drawBackground|counter4b:tile_countery|lpm_counter:lpm_counter_component|cntr_3oi:auto_generated|counter_reg_bit1a[3] ; |drawBackground|counter4b:tile_countery|lpm_counter:lpm_counter_component|cntr_3oi:auto_generated|safe_q[3]               ; regout           ;
; |drawBackground|counter4b:tile_countery|lpm_counter:lpm_counter_component|cntr_3oi:auto_generated|counter_reg_bit1a[2] ; |drawBackground|counter4b:tile_countery|lpm_counter:lpm_counter_component|cntr_3oi:auto_generated|safe_q[2]               ; regout           ;
; |drawBackground|counter4b:tile_countery|lpm_counter:lpm_counter_component|cntr_3oi:auto_generated|counter_reg_bit1a[1] ; |drawBackground|counter4b:tile_countery|lpm_counter:lpm_counter_component|cntr_3oi:auto_generated|safe_q[1]               ; regout           ;
; |drawBackground|Add0~50                                                                                                ; |drawBackground|Add0~51                                                                                                   ; cout             ;
; |drawBackground|Add0~52                                                                                                ; |drawBackground|Add0~52                                                                                                   ; combout          ;
; |drawBackground|Add0~52                                                                                                ; |drawBackground|Add0~53                                                                                                   ; cout             ;
; |drawBackground|Add0~54                                                                                                ; |drawBackground|Add0~54                                                                                                   ; combout          ;
; |drawBackground|Add1~96                                                                                                ; |drawBackground|Add1~97                                                                                                   ; cout             ;
; |drawBackground|Add1~98                                                                                                ; |drawBackground|Add1~99                                                                                                   ; cout             ;
; |drawBackground|Add1~100                                                                                               ; |drawBackground|Add1~101                                                                                                  ; cout             ;
; |drawBackground|Add1~102                                                                                               ; |drawBackground|Add1~103                                                                                                  ; cout             ;
; |drawBackground|level_address[3]~26                                                                                    ; |drawBackground|level_address[3]~27                                                                                       ; cout             ;
; |drawBackground|Add1~104                                                                                               ; |drawBackground|Add1~105                                                                                                  ; cout             ;
; |drawBackground|level_address[4]~28                                                                                    ; |drawBackground|level_address[4]~29                                                                                       ; cout             ;
; |drawBackground|Add1~106                                                                                               ; |drawBackground|Add1~106                                                                                                  ; combout          ;
; |drawBackground|Add1~106                                                                                               ; |drawBackground|Add1~107                                                                                                  ; cout             ;
; |drawBackground|lpm_mult:Mult0|mult_mv01:auto_generated|mac_out2                                                       ; |drawBackground|lpm_mult:Mult0|mult_mv01:auto_generated|result[7]                                                         ; dataout14        ;
; |drawBackground|lpm_mult:Mult0|mult_mv01:auto_generated|mac_out2                                                       ; |drawBackground|lpm_mult:Mult0|mult_mv01:auto_generated|result[8]                                                         ; dataout15        ;
; |drawBackground|lpm_mult:Mult0|mult_mv01:auto_generated|mac_out2                                                       ; |drawBackground|lpm_mult:Mult0|mult_mv01:auto_generated|result[9]                                                         ; dataout16        ;
; |drawBackground|lpm_mult:Mult0|mult_mv01:auto_generated|mac_out2                                                       ; |drawBackground|lpm_mult:Mult0|mult_mv01:auto_generated|result[10]                                                        ; dataout17        ;
; |drawBackground|level_address[5]~30                                                                                    ; |drawBackground|level_address[5]~31                                                                                       ; cout             ;
; |drawBackground|Add1~108                                                                                               ; |drawBackground|Add1~108                                                                                                  ; combout          ;
; |drawBackground|Add1~108                                                                                               ; |drawBackground|Add1~109                                                                                                  ; cout             ;
; |drawBackground|level_address[6]~32                                                                                    ; |drawBackground|level_address[6]~33                                                                                       ; cout             ;
; |drawBackground|Add1~110                                                                                               ; |drawBackground|Add1~110                                                                                                  ; combout          ;
; |drawBackground|level_address[7]~34                                                                                    ; |drawBackground|level_address[7]~34                                                                                       ; combout          ;
; |drawBackground|level_address[7]~34                                                                                    ; |drawBackground|level_address[7]~35                                                                                       ; cout             ;
; |drawBackground|level_address[8]~36                                                                                    ; |drawBackground|level_address[8]~36                                                                                       ; combout          ;
; |drawBackground|level_address[8]~36                                                                                    ; |drawBackground|level_address[8]~37                                                                                       ; cout             ;
; |drawBackground|level_address[9]~38                                                                                    ; |drawBackground|level_address[9]~38                                                                                       ; combout          ;
; |drawBackground|level_address[9]~38                                                                                    ; |drawBackground|level_address[9]~39                                                                                       ; cout             ;
; |drawBackground|level_address[10]~40                                                                                   ; |drawBackground|level_address[10]~40                                                                                      ; combout          ;
; |drawBackground|level_address[10]~40                                                                                   ; |drawBackground|level_address[10]~41                                                                                      ; cout             ;
; |drawBackground|level_address[11]~42                                                                                   ; |drawBackground|level_address[11]~42                                                                                      ; combout          ;
; |drawBackground|counter4b:tile_countery|lpm_counter:lpm_counter_component|cntr_3oi:auto_generated|counter_comb_bita0   ; |drawBackground|counter4b:tile_countery|lpm_counter:lpm_counter_component|cntr_3oi:auto_generated|counter_comb_bita0      ; combout          ;
; |drawBackground|counter4b:tile_countery|lpm_counter:lpm_counter_component|cntr_3oi:auto_generated|counter_comb_bita1   ; |drawBackground|counter4b:tile_countery|lpm_counter:lpm_counter_component|cntr_3oi:auto_generated|counter_comb_bita1~COUT ; cout             ;
; |drawBackground|counter4b:tile_countery|lpm_counter:lpm_counter_component|cntr_3oi:auto_generated|counter_comb_bita2   ; |drawBackground|counter4b:tile_countery|lpm_counter:lpm_counter_component|cntr_3oi:auto_generated|counter_comb_bita2      ; combout          ;
; |drawBackground|counter4b:tile_countery|lpm_counter:lpm_counter_component|cntr_3oi:auto_generated|counter_comb_bita2   ; |drawBackground|counter4b:tile_countery|lpm_counter:lpm_counter_component|cntr_3oi:auto_generated|counter_comb_bita2~COUT ; cout             ;
; |drawBackground|counter4b:tile_countery|lpm_counter:lpm_counter_component|cntr_3oi:auto_generated|counter_comb_bita3   ; |drawBackground|counter4b:tile_countery|lpm_counter:lpm_counter_component|cntr_3oi:auto_generated|counter_comb_bita3      ; combout          ;
; |drawBackground|lpm_mult:Mult0|mult_mv01:auto_generated|mac_mult1                                                      ; |drawBackground|lpm_mult:Mult0|mult_mv01:auto_generated|mac_mult1~0                                                       ; dataout0         ;
; |drawBackground|lpm_mult:Mult0|mult_mv01:auto_generated|mac_mult1                                                      ; |drawBackground|lpm_mult:Mult0|mult_mv01:auto_generated|mac_mult1~1                                                       ; dataout1         ;
; |drawBackground|lpm_mult:Mult0|mult_mv01:auto_generated|mac_mult1                                                      ; |drawBackground|lpm_mult:Mult0|mult_mv01:auto_generated|mac_mult1~2                                                       ; dataout2         ;
; |drawBackground|lpm_mult:Mult0|mult_mv01:auto_generated|mac_mult1                                                      ; |drawBackground|lpm_mult:Mult0|mult_mv01:auto_generated|mac_mult1~3                                                       ; dataout3         ;
; |drawBackground|lpm_mult:Mult0|mult_mv01:auto_generated|mac_mult1                                                      ; |drawBackground|lpm_mult:Mult0|mult_mv01:auto_generated|mac_mult1~4                                                       ; dataout4         ;
; |drawBackground|lpm_mult:Mult0|mult_mv01:auto_generated|mac_mult1                                                      ; |drawBackground|lpm_mult:Mult0|mult_mv01:auto_generated|mac_mult1~5                                                       ; dataout5         ;
; |drawBackground|lpm_mult:Mult0|mult_mv01:auto_generated|mac_mult1                                                      ; |drawBackground|lpm_mult:Mult0|mult_mv01:auto_generated|mac_mult1~6                                                       ; dataout6         ;
; |drawBackground|lpm_mult:Mult0|mult_mv01:auto_generated|mac_mult1                                                      ; |drawBackground|lpm_mult:Mult0|mult_mv01:auto_generated|mac_mult1                                                         ; dataout7         ;
; |drawBackground|lpm_mult:Mult0|mult_mv01:auto_generated|mac_mult1                                                      ; |drawBackground|lpm_mult:Mult0|mult_mv01:auto_generated|mac_mult1~DATAOUT1                                                ; dataout8         ;
; |drawBackground|lpm_mult:Mult0|mult_mv01:auto_generated|mac_mult1                                                      ; |drawBackground|lpm_mult:Mult0|mult_mv01:auto_generated|mac_mult1~DATAOUT3                                                ; dataout10        ;
; |drawBackground|lpm_mult:Mult0|mult_mv01:auto_generated|mac_mult1                                                      ; |drawBackground|lpm_mult:Mult0|mult_mv01:auto_generated|mac_mult1~DATAOUT4                                                ; dataout11        ;
; |drawBackground|lpm_mult:Mult0|mult_mv01:auto_generated|mac_mult1                                                      ; |drawBackground|lpm_mult:Mult0|mult_mv01:auto_generated|mac_mult1~DATAOUT7                                                ; dataout14        ;
; |drawBackground|lpm_mult:Mult0|mult_mv01:auto_generated|mac_mult1                                                      ; |drawBackground|lpm_mult:Mult0|mult_mv01:auto_generated|mac_mult1~DATAOUT8                                                ; dataout15        ;
; |drawBackground|lpm_mult:Mult0|mult_mv01:auto_generated|mac_mult1                                                      ; |drawBackground|lpm_mult:Mult0|mult_mv01:auto_generated|mac_mult1~DATAOUT9                                                ; dataout16        ;
; |drawBackground|lpm_mult:Mult0|mult_mv01:auto_generated|mac_mult1                                                      ; |drawBackground|lpm_mult:Mult0|mult_mv01:auto_generated|mac_mult1~DATAOUT10                                               ; dataout17        ;
; |drawBackground|Mux1~360                                                                                               ; |drawBackground|Mux1~360                                                                                                  ; combout          ;
; |drawBackground|Mux1~363                                                                                               ; |drawBackground|Mux1~363                                                                                                  ; combout          ;
; |drawBackground|~GND                                                                                                   ; |drawBackground|~GND                                                                                                      ; combout          ;
; |drawBackground|y[5]                                                                                                   ; |drawBackground|y[5]                                                                                                      ; padio            ;
; |drawBackground|y[6]                                                                                                   ; |drawBackground|y[6]                                                                                                      ; padio            ;
; |drawBackground|enable                                                                                                 ; |drawBackground|enable~corein                                                                                             ; combout          ;
; |drawBackground|resetn                                                                                                 ; |drawBackground|resetn~corein                                                                                             ; combout          ;
; |drawBackground|x_offset[0]                                                                                            ; |drawBackground|x_offset[0]~corein                                                                                        ; combout          ;
; |drawBackground|x_offset[1]                                                                                            ; |drawBackground|x_offset[1]~corein                                                                                        ; combout          ;
; |drawBackground|x_offset[2]                                                                                            ; |drawBackground|x_offset[2]~corein                                                                                        ; combout          ;
; |drawBackground|x_offset[3]                                                                                            ; |drawBackground|x_offset[3]~corein                                                                                        ; combout          ;
; |drawBackground|x_offset[4]                                                                                            ; |drawBackground|x_offset[4]~corein                                                                                        ; combout          ;
; |drawBackground|x_offset[5]                                                                                            ; |drawBackground|x_offset[5]~corein                                                                                        ; combout          ;
; |drawBackground|x_offset[6]                                                                                            ; |drawBackground|x_offset[6]~corein                                                                                        ; combout          ;
; |drawBackground|resetn~clkctrl                                                                                         ; |drawBackground|resetn~clkctrl                                                                                            ; outclk           ;
+------------------------------------------------------------------------------------------------------------------------+---------------------------------------------------------------------------------------------------------------------------+------------------+


The following table displays output ports that do not toggle to 0 during simulation.
+-----------------------------------------------------------------------------------------------------------------------------------------------------------------------------------------------------------------------------------------------------------------------+
; Missing 0-Value Coverage                                                                                                                                                                                                                                              ;
+------------------------------------------------------------------------------------------------------------------------+---------------------------------------------------------------------------------------------------------------------------+------------------+
; Node Name                                                                                                              ; Output Port Name                                                                                                          ; Output Port Type ;
+------------------------------------------------------------------------------------------------------------------------+---------------------------------------------------------------------------------------------------------------------------+------------------+
; |drawBackground|tile0:grass_tile|altsyncram:altsyncram_component|altsyncram_30d1:auto_generated|ram_block1a0           ; |drawBackground|tile0:grass_tile|altsyncram:altsyncram_component|altsyncram_30d1:auto_generated|q_a[1]                    ; portadataout1    ;
; |drawBackground|counter4b:tile_countery|lpm_counter:lpm_counter_component|cntr_3oi:auto_generated|counter_reg_bit1a[3] ; |drawBackground|counter4b:tile_countery|lpm_counter:lpm_counter_component|cntr_3oi:auto_generated|safe_q[3]               ; regout           ;
; |drawBackground|counter4b:tile_countery|lpm_counter:lpm_counter_component|cntr_3oi:auto_generated|counter_reg_bit1a[2] ; |drawBackground|counter4b:tile_countery|lpm_counter:lpm_counter_component|cntr_3oi:auto_generated|safe_q[2]               ; regout           ;
; |drawBackground|counter4b:tile_countery|lpm_counter:lpm_counter_component|cntr_3oi:auto_generated|counter_reg_bit1a[1] ; |drawBackground|counter4b:tile_countery|lpm_counter:lpm_counter_component|cntr_3oi:auto_generated|safe_q[1]               ; regout           ;
; |drawBackground|counter4b:tile_countery|lpm_counter:lpm_counter_component|cntr_3oi:auto_generated|counter_reg_bit1a[0] ; |drawBackground|counter4b:tile_countery|lpm_counter:lpm_counter_component|cntr_3oi:auto_generated|safe_q[0]               ; regout           ;
; |drawBackground|Add0~50                                                                                                ; |drawBackground|Add0~51                                                                                                   ; cout             ;
; |drawBackground|Add0~52                                                                                                ; |drawBackground|Add0~52                                                                                                   ; combout          ;
; |drawBackground|Add0~52                                                                                                ; |drawBackground|Add0~53                                                                                                   ; cout             ;
; |drawBackground|Add0~54                                                                                                ; |drawBackground|Add0~54                                                                                                   ; combout          ;
; |drawBackground|Add1~96                                                                                                ; |drawBackground|Add1~97                                                                                                   ; cout             ;
; |drawBackground|Add1~98                                                                                                ; |drawBackground|Add1~99                                                                                                   ; cout             ;
; |drawBackground|Add1~100                                                                                               ; |drawBackground|Add1~101                                                                                                  ; cout             ;
; |drawBackground|Add1~102                                                                                               ; |drawBackground|Add1~103                                                                                                  ; cout             ;
; |drawBackground|level_address[3]~26                                                                                    ; |drawBackground|level_address[3]~27                                                                                       ; cout             ;
; |drawBackground|Add1~104                                                                                               ; |drawBackground|Add1~105                                                                                                  ; cout             ;
; |drawBackground|level_address[4]~28                                                                                    ; |drawBackground|level_address[4]~29                                                                                       ; cout             ;
; |drawBackground|Add1~106                                                                                               ; |drawBackground|Add1~106                                                                                                  ; combout          ;
; |drawBackground|Add1~106                                                                                               ; |drawBackground|Add1~107                                                                                                  ; cout             ;
; |drawBackground|lpm_mult:Mult0|mult_mv01:auto_generated|mac_out2                                                       ; |drawBackground|lpm_mult:Mult0|mult_mv01:auto_generated|result[5]                                                         ; dataout12        ;
; |drawBackground|lpm_mult:Mult0|mult_mv01:auto_generated|mac_out2                                                       ; |drawBackground|lpm_mult:Mult0|mult_mv01:auto_generated|result[6]                                                         ; dataout13        ;
; |drawBackground|lpm_mult:Mult0|mult_mv01:auto_generated|mac_out2                                                       ; |drawBackground|lpm_mult:Mult0|mult_mv01:auto_generated|result[7]                                                         ; dataout14        ;
; |drawBackground|lpm_mult:Mult0|mult_mv01:auto_generated|mac_out2                                                       ; |drawBackground|lpm_mult:Mult0|mult_mv01:auto_generated|result[8]                                                         ; dataout15        ;
; |drawBackground|lpm_mult:Mult0|mult_mv01:auto_generated|mac_out2                                                       ; |drawBackground|lpm_mult:Mult0|mult_mv01:auto_generated|result[9]                                                         ; dataout16        ;
; |drawBackground|lpm_mult:Mult0|mult_mv01:auto_generated|mac_out2                                                       ; |drawBackground|lpm_mult:Mult0|mult_mv01:auto_generated|result[10]                                                        ; dataout17        ;
; |drawBackground|level_address[5]~30                                                                                    ; |drawBackground|level_address[5]~30                                                                                       ; combout          ;
; |drawBackground|level_address[5]~30                                                                                    ; |drawBackground|level_address[5]~31                                                                                       ; cout             ;
; |drawBackground|Add1~108                                                                                               ; |drawBackground|Add1~108                                                                                                  ; combout          ;
; |drawBackground|Add1~108                                                                                               ; |drawBackground|Add1~109                                                                                                  ; cout             ;
; |drawBackground|level_address[6]~32                                                                                    ; |drawBackground|level_address[6]~32                                                                                       ; combout          ;
; |drawBackground|level_address[6]~32                                                                                    ; |drawBackground|level_address[6]~33                                                                                       ; cout             ;
; |drawBackground|Add1~110                                                                                               ; |drawBackground|Add1~110                                                                                                  ; combout          ;
; |drawBackground|level_address[7]~34                                                                                    ; |drawBackground|level_address[7]~34                                                                                       ; combout          ;
; |drawBackground|level_address[7]~34                                                                                    ; |drawBackground|level_address[7]~35                                                                                       ; cout             ;
; |drawBackground|level_address[8]~36                                                                                    ; |drawBackground|level_address[8]~36                                                                                       ; combout          ;
; |drawBackground|level_address[8]~36                                                                                    ; |drawBackground|level_address[8]~37                                                                                       ; cout             ;
; |drawBackground|level_address[9]~38                                                                                    ; |drawBackground|level_address[9]~38                                                                                       ; combout          ;
; |drawBackground|level_address[9]~38                                                                                    ; |drawBackground|level_address[9]~39                                                                                       ; cout             ;
; |drawBackground|level_address[10]~40                                                                                   ; |drawBackground|level_address[10]~40                                                                                      ; combout          ;
; |drawBackground|level_address[10]~40                                                                                   ; |drawBackground|level_address[10]~41                                                                                      ; cout             ;
; |drawBackground|level_address[11]~42                                                                                   ; |drawBackground|level_address[11]~42                                                                                      ; combout          ;
; |drawBackground|counter4b:tile_countery|lpm_counter:lpm_counter_component|cntr_3oi:auto_generated|counter_comb_bita0   ; |drawBackground|counter4b:tile_countery|lpm_counter:lpm_counter_component|cntr_3oi:auto_generated|counter_comb_bita0~COUT ; cout             ;
; |drawBackground|counter4b:tile_countery|lpm_counter:lpm_counter_component|cntr_3oi:auto_generated|counter_comb_bita1   ; |drawBackground|counter4b:tile_countery|lpm_counter:lpm_counter_component|cntr_3oi:auto_generated|counter_comb_bita1      ; combout          ;
; |drawBackground|counter4b:tile_countery|lpm_counter:lpm_counter_component|cntr_3oi:auto_generated|counter_comb_bita1   ; |drawBackground|counter4b:tile_countery|lpm_counter:lpm_counter_component|cntr_3oi:auto_generated|counter_comb_bita1~COUT ; cout             ;
; |drawBackground|counter4b:tile_countery|lpm_counter:lpm_counter_component|cntr_3oi:auto_generated|counter_comb_bita2   ; |drawBackground|counter4b:tile_countery|lpm_counter:lpm_counter_component|cntr_3oi:auto_generated|counter_comb_bita2      ; combout          ;
; |drawBackground|counter4b:tile_countery|lpm_counter:lpm_counter_component|cntr_3oi:auto_generated|counter_comb_bita2   ; |drawBackground|counter4b:tile_countery|lpm_counter:lpm_counter_component|cntr_3oi:auto_generated|counter_comb_bita2~COUT ; cout             ;
; |drawBackground|counter4b:tile_countery|lpm_counter:lpm_counter_component|cntr_3oi:auto_generated|counter_comb_bita3   ; |drawBackground|counter4b:tile_countery|lpm_counter:lpm_counter_component|cntr_3oi:auto_generated|counter_comb_bita3      ; combout          ;
; |drawBackground|lpm_mult:Mult0|mult_mv01:auto_generated|mac_mult1                                                      ; |drawBackground|lpm_mult:Mult0|mult_mv01:auto_generated|mac_mult1~0                                                       ; dataout0         ;
; |drawBackground|lpm_mult:Mult0|mult_mv01:auto_generated|mac_mult1                                                      ; |drawBackground|lpm_mult:Mult0|mult_mv01:auto_generated|mac_mult1~1                                                       ; dataout1         ;
; |drawBackground|lpm_mult:Mult0|mult_mv01:auto_generated|mac_mult1                                                      ; |drawBackground|lpm_mult:Mult0|mult_mv01:auto_generated|mac_mult1~2                                                       ; dataout2         ;
; |drawBackground|lpm_mult:Mult0|mult_mv01:auto_generated|mac_mult1                                                      ; |drawBackground|lpm_mult:Mult0|mult_mv01:auto_generated|mac_mult1~3                                                       ; dataout3         ;
; |drawBackground|lpm_mult:Mult0|mult_mv01:auto_generated|mac_mult1                                                      ; |drawBackground|lpm_mult:Mult0|mult_mv01:auto_generated|mac_mult1~4                                                       ; dataout4         ;
; |drawBackground|lpm_mult:Mult0|mult_mv01:auto_generated|mac_mult1                                                      ; |drawBackground|lpm_mult:Mult0|mult_mv01:auto_generated|mac_mult1~5                                                       ; dataout5         ;
; |drawBackground|lpm_mult:Mult0|mult_mv01:auto_generated|mac_mult1                                                      ; |drawBackground|lpm_mult:Mult0|mult_mv01:auto_generated|mac_mult1~6                                                       ; dataout6         ;
; |drawBackground|lpm_mult:Mult0|mult_mv01:auto_generated|mac_mult1                                                      ; |drawBackground|lpm_mult:Mult0|mult_mv01:auto_generated|mac_mult1                                                         ; dataout7         ;
; |drawBackground|lpm_mult:Mult0|mult_mv01:auto_generated|mac_mult1                                                      ; |drawBackground|lpm_mult:Mult0|mult_mv01:auto_generated|mac_mult1~DATAOUT1                                                ; dataout8         ;
; |drawBackground|lpm_mult:Mult0|mult_mv01:auto_generated|mac_mult1                                                      ; |drawBackground|lpm_mult:Mult0|mult_mv01:auto_generated|mac_mult1~DATAOUT2                                                ; dataout9         ;
; |drawBackground|lpm_mult:Mult0|mult_mv01:auto_generated|mac_mult1                                                      ; |drawBackground|lpm_mult:Mult0|mult_mv01:auto_generated|mac_mult1~DATAOUT3                                                ; dataout10        ;
; |drawBackground|lpm_mult:Mult0|mult_mv01:auto_generated|mac_mult1                                                      ; |drawBackground|lpm_mult:Mult0|mult_mv01:auto_generated|mac_mult1~DATAOUT4                                                ; dataout11        ;
; |drawBackground|lpm_mult:Mult0|mult_mv01:auto_generated|mac_mult1                                                      ; |drawBackground|lpm_mult:Mult0|mult_mv01:auto_generated|mac_mult1~DATAOUT5                                                ; dataout12        ;
; |drawBackground|lpm_mult:Mult0|mult_mv01:auto_generated|mac_mult1                                                      ; |drawBackground|lpm_mult:Mult0|mult_mv01:auto_generated|mac_mult1~DATAOUT6                                                ; dataout13        ;
; |drawBackground|lpm_mult:Mult0|mult_mv01:auto_generated|mac_mult1                                                      ; |drawBackground|lpm_mult:Mult0|mult_mv01:auto_generated|mac_mult1~DATAOUT7                                                ; dataout14        ;
; |drawBackground|lpm_mult:Mult0|mult_mv01:auto_generated|mac_mult1                                                      ; |drawBackground|lpm_mult:Mult0|mult_mv01:auto_generated|mac_mult1~DATAOUT8                                                ; dataout15        ;
; |drawBackground|lpm_mult:Mult0|mult_mv01:auto_generated|mac_mult1                                                      ; |drawBackground|lpm_mult:Mult0|mult_mv01:auto_generated|mac_mult1~DATAOUT9                                                ; dataout16        ;
; |drawBackground|lpm_mult:Mult0|mult_mv01:auto_generated|mac_mult1                                                      ; |drawBackground|lpm_mult:Mult0|mult_mv01:auto_generated|mac_mult1~DATAOUT10                                               ; dataout17        ;
; |drawBackground|Mux1~360                                                                                               ; |drawBackground|Mux1~360                                                                                                  ; combout          ;
; |drawBackground|Mux1~363                                                                                               ; |drawBackground|Mux1~363                                                                                                  ; combout          ;
; |drawBackground|~GND                                                                                                   ; |drawBackground|~GND                                                                                                      ; combout          ;
; |drawBackground|y[5]                                                                                                   ; |drawBackground|y[5]                                                                                                      ; padio            ;
; |drawBackground|y[6]                                                                                                   ; |drawBackground|y[6]                                                                                                      ; padio            ;
; |drawBackground|enable                                                                                                 ; |drawBackground|enable~corein                                                                                             ; combout          ;
; |drawBackground|resetn                                                                                                 ; |drawBackground|resetn~corein                                                                                             ; combout          ;
; |drawBackground|x_offset[0]                                                                                            ; |drawBackground|x_offset[0]~corein                                                                                        ; combout          ;
; |drawBackground|x_offset[1]                                                                                            ; |drawBackground|x_offset[1]~corein                                                                                        ; combout          ;
; |drawBackground|x_offset[2]                                                                                            ; |drawBackground|x_offset[2]~corein                                                                                        ; combout          ;
; |drawBackground|x_offset[3]                                                                                            ; |drawBackground|x_offset[3]~corein                                                                                        ; combout          ;
; |drawBackground|x_offset[4]                                                                                            ; |drawBackground|x_offset[4]~corein                                                                                        ; combout          ;
; |drawBackground|x_offset[5]                                                                                            ; |drawBackground|x_offset[5]~corein                                                                                        ; combout          ;
; |drawBackground|x_offset[6]                                                                                            ; |drawBackground|x_offset[6]~corein                                                                                        ; combout          ;
; |drawBackground|resetn~clkctrl                                                                                         ; |drawBackground|resetn~clkctrl                                                                                            ; outclk           ;
+------------------------------------------------------------------------------------------------------------------------+---------------------------------------------------------------------------------------------------------------------------+------------------+


+-------------------------------------------------------------------------------------------------+
; Simulator INI Usage                                                                             ;
+----------------------+--------------------------------------------------------------------------+
; Option               ; Usage                                                                    ;
+----------------------+--------------------------------------------------------------------------+
; Initialization file: ; C:\Documents and Settings\robin162/quartus.ini                           ;
; dev_password         ; bd7be08e3faf96f21f7f12099b27ecfb8b18023351152004322560156215233350005516 ;
+----------------------+--------------------------------------------------------------------------+


+--------------------+
; Simulator Messages ;
+--------------------+
Info: *******************************************************************
Info: Running Quartus II Simulator
    Info: Version 7.1 Build 178 06/25/2007 Service Pack 1 SJ Full Version
    Info: Processing started: Tue Nov 11 11:18:56 2008
Info: Command: quartus_sim --read_settings_files=on --write_settings_files=off drawBackground -c drawBackground
Info: Using vector source file "W:/quartus/project/drawBackground/drawBackground.vwf"
Info: Option to preserve fewer signal transitions to reduce memory requirements is enabled
    Info: Simulation has been partitioned into sub-simulations according to the maximum transition count determined by the engine. Transitions from memory will be flushed out to disk at the end of each sub-simulation to reduce memory requirements.
Info: Simulation partitioned into 1 sub-simulations
Info: Simulation coverage is      60.98 %
Info: Number of transitions in simulation is 187213
Info: Quartus II Simulator was successful. 0 errors, 0 warnings
    Info: Allocated 99 megabytes of memory during processing
    Info: Processing ended: Tue Nov 11 11:19:05 2008
    Info: Elapsed time: 00:00:09


