Analysis & Synthesis report for drawTile
Sat Nov 29 16:38:39 2008
Quartus II Version 7.1 Build 178 06/25/2007 Service Pack 1 SJ Full Version


---------------------
; Table of Contents ;
---------------------
  1. Legal Notice
  2. Analysis & Synthesis Summary
  3. Analysis & Synthesis Settings
  4. Analysis & Synthesis Source Files Read
  5. Analysis & Synthesis Resource Usage Summary
  6. Analysis & Synthesis Resource Utilization by Entity
  7. Registers Removed During Synthesis
  8. General Register Statistics
  9. Source assignments for counter3b:draw_counterx|lpm_counter:lpm_counter_component
 10. Source assignments for counter4b:draw_countery|lpm_counter:lpm_counter_component
 11. Parameter Settings for User Entity Instance: Top-level Entity: |drawTile
 12. Parameter Settings for User Entity Instance: counter3b:draw_counterx|lpm_counter:lpm_counter_component
 13. Parameter Settings for User Entity Instance: counter4b:draw_countery|lpm_counter:lpm_counter_component
 14. Analysis & Synthesis INI Usage
 15. Analysis & Synthesis Messages
 16. Analysis & Synthesis Suppressed Messages



----------------
; Legal Notice ;
----------------
Copyright (C) 1991-2007 Altera Corporation
Your use of Altera Corporation's design tools, logic functions 
and other software and tools, and its AMPP partner logic 
functions, and any output files from any of the foregoing 
(including device programming or simulation files), and any 
associated documentation or information are expressly subject 
to the terms and conditions of the Altera Program License 
Subscription Agreement, Altera MegaCore Function License 
Agreement, or other applicable license agreement, including, 
without limitation, that your use is for the sole purpose of 
programming logic devices manufactured by Altera and sold by 
Altera or its authorized distributors.  Please refer to the 
applicable agreement for further details.



+------------------------------------------------------------------------------------+
; Analysis & Synthesis Summary                                                       ;
+------------------------------------+-----------------------------------------------+
; Analysis & Synthesis Status        ; Successful - Sat Nov 29 16:38:39 2008         ;
; Quartus II Version                 ; 7.1 Build 178 06/25/2007 SP 1 SJ Full Version ;
; Revision Name                      ; drawTile                                      ;
; Top-level Entity Name              ; drawTile                                      ;
; Family                             ; Cyclone II                                    ;
; Total logic elements               ; 16                                            ;
;     Total combinational functions  ; 16                                            ;
;     Dedicated logic registers      ; 9                                             ;
; Total registers                    ; 9                                             ;
; Total pins                         ; 18                                            ;
; Total virtual pins                 ; 0                                             ;
; Total memory bits                  ; 0                                             ;
; Embedded Multiplier 9-bit elements ; 0                                             ;
; Total PLLs                         ; 0                                             ;
+------------------------------------+-----------------------------------------------+


+--------------------------------------------------------------------------------------------------------------------------+
; Analysis & Synthesis Settings                                                                                            ;
+--------------------------------------------------------------------------------+--------------------+--------------------+
; Option                                                                         ; Setting            ; Default Value      ;
+--------------------------------------------------------------------------------+--------------------+--------------------+
; Device                                                                         ; EP2C35F672C6       ;                    ;
; Top-level entity name                                                          ; drawTile           ; drawTile           ;
; Family name                                                                    ; Cyclone II         ; Stratix II         ;
; Restructure Multiplexers                                                       ; Auto               ; Auto               ;
; Create Debugging Nodes for IP Cores                                            ; Off                ; Off                ;
; Preserve fewer node names                                                      ; On                 ; On                 ;
; Disable OpenCore Plus hardware evaluation                                      ; Off                ; Off                ;
; Verilog Version                                                                ; Verilog_2001       ; Verilog_2001       ;
; VHDL Version                                                                   ; VHDL93             ; VHDL93             ;
; State Machine Processing                                                       ; Auto               ; Auto               ;
; Safe State Machine                                                             ; Off                ; Off                ;
; Extract Verilog State Machines                                                 ; On                 ; On                 ;
; Extract VHDL State Machines                                                    ; On                 ; On                 ;
; Ignore Verilog initial constructs                                              ; Off                ; Off                ;
; Add Pass-Through Logic to Inferred RAMs                                        ; On                 ; On                 ;
; DSP Block Balancing                                                            ; Auto               ; Auto               ;
; NOT Gate Push-Back                                                             ; On                 ; On                 ;
; Power-Up Don't Care                                                            ; On                 ; On                 ;
; Remove Redundant Logic Cells                                                   ; Off                ; Off                ;
; Remove Duplicate Registers                                                     ; On                 ; On                 ;
; Ignore CARRY Buffers                                                           ; Off                ; Off                ;
; Ignore CASCADE Buffers                                                         ; Off                ; Off                ;
; Ignore GLOBAL Buffers                                                          ; Off                ; Off                ;
; Ignore ROW GLOBAL Buffers                                                      ; Off                ; Off                ;
; Ignore LCELL Buffers                                                           ; Off                ; Off                ;
; Ignore SOFT Buffers                                                            ; On                 ; On                 ;
; Limit AHDL Integers to 32 Bits                                                 ; Off                ; Off                ;
; Optimization Technique -- Cyclone II/Cyclone III                               ; Balanced           ; Balanced           ;
; Carry Chain Length -- Stratix/Stratix GX/Cyclone/MAX II/Cyclone II/Cyclone III ; 70                 ; 70                 ;
; Auto Carry Chains                                                              ; On                 ; On                 ;
; Auto Open-Drain Pins                                                           ; On                 ; On                 ;
; Perform WYSIWYG Primitive Resynthesis                                          ; Off                ; Off                ;
; Perform gate-level register retiming                                           ; Off                ; Off                ;
; Allow register retiming to trade off Tsu/Tco with Fmax                         ; On                 ; On                 ;
; Auto ROM Replacement                                                           ; On                 ; On                 ;
; Auto RAM Replacement                                                           ; On                 ; On                 ;
; Auto Shift Register Replacement                                                ; Auto               ; Auto               ;
; Auto Clock Enable Replacement                                                  ; On                 ; On                 ;
; Allow Synchronous Control Signals                                              ; On                 ; On                 ;
; Force Use of Synchronous Clear Signals                                         ; Off                ; Off                ;
; Auto RAM to Logic Cell Conversion                                              ; Off                ; Off                ;
; Auto Resource Sharing                                                          ; Off                ; Off                ;
; Allow Any RAM Size For Recognition                                             ; Off                ; Off                ;
; Allow Any ROM Size For Recognition                                             ; Off                ; Off                ;
; Allow Any Shift Register Size For Recognition                                  ; Off                ; Off                ;
; Ignore translate_off and synthesis_off directives                              ; Off                ; Off                ;
; Show Parameter Settings Tables in Synthesis Report                             ; On                 ; On                 ;
; Ignore Maximum Fan-Out Assignments                                             ; Off                ; Off                ;
; Retiming Meta-Stability Register Sequence Length                               ; 2                  ; 2                  ;
; PowerPlay Power Optimization                                                   ; Normal compilation ; Normal compilation ;
; HDL message level                                                              ; Level2             ; Level2             ;
; Suppress Register Optimization Related Messages                                ; Off                ; Off                ;
; Number of Removed Registers Reported in Synthesis Report                       ; 100                ; 100                ;
; Clock MUX Protection                                                           ; On                 ; On                 ;
; Use smart compilation                                                          ; Off                ; Off                ;
+--------------------------------------------------------------------------------+--------------------+--------------------+


+----------------------------------------------------------------------------------------------------------------------------------------------------------+
; Analysis & Synthesis Source Files Read                                                                                                                   ;
+----------------------------------+-----------------+------------------------------+----------------------------------------------------------------------+
; File Name with User-Entered Path ; Used in Netlist ; File Type                    ; File Name with Absolute Path                                         ;
+----------------------------------+-----------------+------------------------------+----------------------------------------------------------------------+
; ../drawBackground/counter4b.v    ; yes             ; User Verilog HDL File        ; W:/quartus/project/drawBackground/counter4b.v                        ;
; ../drawBackground/counter3b.v    ; yes             ; User Verilog HDL File        ; W:/quartus/project/drawBackground/counter3b.v                        ;
; drawTile.v                       ; yes             ; User Verilog HDL File        ; W:/quartus/project/drawTile/drawTile.v                               ;
; lpm_counter.tdf                  ; yes             ; Megafunction                 ; c:/altera/71/quartus/libraries/megafunctions/lpm_counter.tdf         ;
; lpm_constant.inc                 ; yes             ; Megafunction                 ; c:/altera/71/quartus/libraries/megafunctions/lpm_constant.inc        ;
; lpm_decode.inc                   ; yes             ; Megafunction                 ; c:/altera/71/quartus/libraries/megafunctions/lpm_decode.inc          ;
; lpm_add_sub.inc                  ; yes             ; Megafunction                 ; c:/altera/71/quartus/libraries/megafunctions/lpm_add_sub.inc         ;
; cmpconst.inc                     ; yes             ; Megafunction                 ; c:/altera/71/quartus/libraries/megafunctions/cmpconst.inc            ;
; lpm_compare.inc                  ; yes             ; Megafunction                 ; c:/altera/71/quartus/libraries/megafunctions/lpm_compare.inc         ;
; lpm_counter.inc                  ; yes             ; Megafunction                 ; c:/altera/71/quartus/libraries/megafunctions/lpm_counter.inc         ;
; dffeea.inc                       ; yes             ; Megafunction                 ; c:/altera/71/quartus/libraries/megafunctions/dffeea.inc              ;
; alt_synch_counter.inc            ; yes             ; Megafunction                 ; c:/altera/71/quartus/libraries/megafunctions/alt_synch_counter.inc   ;
; alt_synch_counter_f.inc          ; yes             ; Megafunction                 ; c:/altera/71/quartus/libraries/megafunctions/alt_synch_counter_f.inc ;
; alt_counter_f10ke.inc            ; yes             ; Megafunction                 ; c:/altera/71/quartus/libraries/megafunctions/alt_counter_f10ke.inc   ;
; alt_counter_stratix.inc          ; yes             ; Megafunction                 ; c:/altera/71/quartus/libraries/megafunctions/alt_counter_stratix.inc ;
; aglobal71.inc                    ; yes             ; Megafunction                 ; c:/altera/71/quartus/libraries/megafunctions/aglobal71.inc           ;
; db/cntr_2oi.tdf                  ; yes             ; Auto-Generated Megafunction  ; W:/quartus/project/drawTile/db/cntr_2oi.tdf                          ;
; db/cntr_3oi.tdf                  ; yes             ; Auto-Generated Megafunction  ; W:/quartus/project/drawTile/db/cntr_3oi.tdf                          ;
+----------------------------------+-----------------+------------------------------+----------------------------------------------------------------------+


+--------------------------------------------------------+
; Analysis & Synthesis Resource Usage Summary            ;
+---------------------------------------------+----------+
; Resource                                    ; Usage    ;
+---------------------------------------------+----------+
; Estimated Total logic elements              ; 16       ;
;                                             ;          ;
; Total combinational functions               ; 16       ;
; Logic element usage by number of LUT inputs ;          ;
;     -- 4 input functions                    ; 6        ;
;     -- 3 input functions                    ; 0        ;
;     -- <=2 input functions                  ; 10       ;
;                                             ;          ;
; Logic elements by mode                      ;          ;
;     -- normal mode                          ; 11       ;
;     -- arithmetic mode                      ; 5        ;
;                                             ;          ;
; Total registers                             ; 9        ;
;     -- Dedicated logic registers            ; 9        ;
;     -- I/O registers                        ; 0        ;
;                                             ;          ;
; I/O pins                                    ; 18       ;
; Maximum fan-out node                        ; Mux0~195 ;
; Maximum fan-out                             ; 9        ;
; Total fan-out                               ; 93       ;
; Average fan-out                             ; 2.16     ;
+---------------------------------------------+----------+


+--------------------------------------------------------------------------------------------------------------------------------------------------------------------------------------------------------------------------------------------------------------------+
; Analysis & Synthesis Resource Utilization by Entity                                                                                                                                                                                                                ;
+-------------------------------------------+-------------------+--------------+-------------+--------------+---------+-----------+------+--------------+---------------------------------------------------------------------------------------------+--------------+
; Compilation Hierarchy Node                ; LC Combinationals ; LC Registers ; Memory Bits ; DSP Elements ; DSP 9x9 ; DSP 18x18 ; Pins ; Virtual Pins ; Full Hierarchy Name                                                                         ; Library Name ;
+-------------------------------------------+-------------------+--------------+-------------+--------------+---------+-----------+------+--------------+---------------------------------------------------------------------------------------------+--------------+
; |drawTile                                 ; 16 (9)            ; 9 (2)        ; 0           ; 0            ; 0       ; 0         ; 18   ; 0            ; |drawTile                                                                                   ; work         ;
;    |counter3b:draw_counterx|              ; 3 (0)             ; 3 (0)        ; 0           ; 0            ; 0       ; 0         ; 0    ; 0            ; |drawTile|counter3b:draw_counterx                                                           ; work         ;
;       |lpm_counter:lpm_counter_component| ; 3 (0)             ; 3 (0)        ; 0           ; 0            ; 0       ; 0         ; 0    ; 0            ; |drawTile|counter3b:draw_counterx|lpm_counter:lpm_counter_component                         ; work         ;
;          |cntr_2oi:auto_generated|        ; 3 (3)             ; 3 (3)        ; 0           ; 0            ; 0       ; 0         ; 0    ; 0            ; |drawTile|counter3b:draw_counterx|lpm_counter:lpm_counter_component|cntr_2oi:auto_generated ; work         ;
;    |counter4b:draw_countery|              ; 4 (0)             ; 4 (0)        ; 0           ; 0            ; 0       ; 0         ; 0    ; 0            ; |drawTile|counter4b:draw_countery                                                           ; work         ;
;       |lpm_counter:lpm_counter_component| ; 4 (0)             ; 4 (0)        ; 0           ; 0            ; 0       ; 0         ; 0    ; 0            ; |drawTile|counter4b:draw_countery|lpm_counter:lpm_counter_component                         ; work         ;
;          |cntr_3oi:auto_generated|        ; 4 (4)             ; 4 (4)        ; 0           ; 0            ; 0       ; 0         ; 0    ; 0            ; |drawTile|counter4b:draw_countery|lpm_counter:lpm_counter_component|cntr_3oi:auto_generated ; work         ;
+-------------------------------------------+-------------------+--------------+-------------+--------------+---------+-----------+------+--------------+---------------------------------------------------------------------------------------------+--------------+
Note: For table entries with two numbers listed, the numbers in parentheses indicate the number of resources of the given type used by the specific entity alone. The numbers listed outside of parentheses indicate the total resources of the given type used by the specific entity and all of its sub-entities in the hierarchy.


+--------------------------------------------------------------------------------+
; Registers Removed During Synthesis                                             ;
+---------------------------------------+----------------------------------------+
; Register name                         ; Reason for Removal                     ;
+---------------------------------------+----------------------------------------+
; y_Q[2]~reg0                           ; Stuck at GND due to stuck port data_in ;
; Total Number of Removed Registers = 1 ;                                        ;
+---------------------------------------+----------------------------------------+


+------------------------------------------------------+
; General Register Statistics                          ;
+----------------------------------------------+-------+
; Statistic                                    ; Value ;
+----------------------------------------------+-------+
; Total registers                              ; 9     ;
; Number of registers using Synchronous Clear  ; 0     ;
; Number of registers using Synchronous Load   ; 7     ;
; Number of registers using Asynchronous Clear ; 2     ;
; Number of registers using Asynchronous Load  ; 0     ;
; Number of registers using Clock Enable       ; 7     ;
; Number of registers using Preset             ; 0     ;
+----------------------------------------------+-------+


+----------------------------------------------------------------------------------+
; Source assignments for counter3b:draw_counterx|lpm_counter:lpm_counter_component ;
+---------------------------+-------+------+---------------------------------------+
; Assignment                ; Value ; From ; To                                    ;
+---------------------------+-------+------+---------------------------------------+
; SUPPRESS_DA_RULE_INTERNAL ; a101  ; -    ; -                                     ;
; SUPPRESS_DA_RULE_INTERNAL ; s102  ; -    ; -                                     ;
; SUPPRESS_DA_RULE_INTERNAL ; s103  ; -    ; -                                     ;
+---------------------------+-------+------+---------------------------------------+


+----------------------------------------------------------------------------------+
; Source assignments for counter4b:draw_countery|lpm_counter:lpm_counter_component ;
+---------------------------+-------+------+---------------------------------------+
; Assignment                ; Value ; From ; To                                    ;
+---------------------------+-------+------+---------------------------------------+
; SUPPRESS_DA_RULE_INTERNAL ; a101  ; -    ; -                                     ;
; SUPPRESS_DA_RULE_INTERNAL ; s102  ; -    ; -                                     ;
; SUPPRESS_DA_RULE_INTERNAL ; s103  ; -    ; -                                     ;
+---------------------------+-------+------+---------------------------------------+


+--------------------------------------------------------------------------+
; Parameter Settings for User Entity Instance: Top-level Entity: |drawTile ;
+-----------------+-------+------------------------------------------------+
; Parameter Name  ; Value ; Type                                           ;
+-----------------+-------+------------------------------------------------+
; WAIT_TILE       ; 00    ; Unsigned Binary                                ;
; DRAW_TILE       ; 01    ; Unsigned Binary                                ;
; DROP_TILE       ; 10    ; Unsigned Binary                                ;
; INCREMENTX_TILE ; 11    ; Unsigned Binary                                ;
+-----------------+-------+------------------------------------------------+
Note: In order to hide this table in the UI and the text report file, please set the "Show Parameter Settings Tables in Synthesis Report" option in "Analysis and Synthesis Settings -> More Settings" to "Off".


+--------------------------------------------------------------------------------------------------------+
; Parameter Settings for User Entity Instance: counter3b:draw_counterx|lpm_counter:lpm_counter_component ;
+------------------------+-------------+-----------------------------------------------------------------+
; Parameter Name         ; Value       ; Type                                                            ;
+------------------------+-------------+-----------------------------------------------------------------+
; AUTO_CARRY_CHAINS      ; ON          ; AUTO_CARRY                                                      ;
; IGNORE_CARRY_BUFFERS   ; OFF         ; IGNORE_CARRY                                                    ;
; AUTO_CASCADE_CHAINS    ; ON          ; AUTO_CASCADE                                                    ;
; IGNORE_CASCADE_BUFFERS ; OFF         ; IGNORE_CASCADE                                                  ;
; LPM_WIDTH              ; 3           ; Signed Integer                                                  ;
; LPM_DIRECTION          ; UP          ; Untyped                                                         ;
; LPM_MODULUS            ; 0           ; Untyped                                                         ;
; LPM_AVALUE             ; UNUSED      ; Untyped                                                         ;
; LPM_SVALUE             ; UNUSED      ; Untyped                                                         ;
; LPM_PORT_UPDOWN        ; PORT_UNUSED ; Untyped                                                         ;
; DEVICE_FAMILY          ; Cyclone II  ; Untyped                                                         ;
; CARRY_CHAIN            ; MANUAL      ; Untyped                                                         ;
; CARRY_CHAIN_LENGTH     ; 48          ; CARRY_CHAIN_LENGTH                                              ;
; NOT_GATE_PUSH_BACK     ; ON          ; NOT_GATE_PUSH_BACK                                              ;
; CARRY_CNT_EN           ; SMART       ; Untyped                                                         ;
; LABWIDE_SCLR           ; ON          ; Untyped                                                         ;
; USE_NEW_VERSION        ; TRUE        ; Untyped                                                         ;
; CBXI_PARAMETER         ; cntr_2oi    ; Untyped                                                         ;
+------------------------+-------------+-----------------------------------------------------------------+
Note: In order to hide this table in the UI and the text report file, please set the "Show Parameter Settings Tables in Synthesis Report" option in "Analysis and Synthesis Settings -> More Settings" to "Off".


+--------------------------------------------------------------------------------------------------------+
; Parameter Settings for User Entity Instance: counter4b:draw_countery|lpm_counter:lpm_counter_component ;
+------------------------+-------------+-----------------------------------------------------------------+
; Parameter Name         ; Value       ; Type                                                            ;
+------------------------+-------------+-----------------------------------------------------------------+
; AUTO_CARRY_CHAINS      ; ON          ; AUTO_CARRY                                                      ;
; IGNORE_CARRY_BUFFERS   ; OFF         ; IGNORE_CARRY                                                    ;
; AUTO_CASCADE_CHAINS    ; ON          ; AUTO_CASCADE                                                    ;
; IGNORE_CASCADE_BUFFERS ; OFF         ; IGNORE_CASCADE                                                  ;
; LPM_WIDTH              ; 4           ; Signed Integer                                                  ;
; LPM_DIRECTION          ; UP          ; Untyped                                                         ;
; LPM_MODULUS            ; 0           ; Untyped                                                         ;
; LPM_AVALUE             ; UNUSED      ; Untyped                                                         ;
; LPM_SVALUE             ; UNUSED      ; Untyped                                                         ;
; LPM_PORT_UPDOWN        ; PORT_UNUSED ; Untyped                                                         ;
; DEVICE_FAMILY          ; Cyclone II  ; Untyped                                                         ;
; CARRY_CHAIN            ; MANUAL      ; Untyped                                                         ;
; CARRY_CHAIN_LENGTH     ; 48          ; CARRY_CHAIN_LENGTH                                              ;
; NOT_GATE_PUSH_BACK     ; ON          ; NOT_GATE_PUSH_BACK                                              ;
; CARRY_CNT_EN           ; SMART       ; Untyped                                                         ;
; LABWIDE_SCLR           ; ON          ; Untyped                                                         ;
; USE_NEW_VERSION        ; TRUE        ; Untyped                                                         ;
; CBXI_PARAMETER         ; cntr_3oi    ; Untyped                                                         ;
+------------------------+-------------+-----------------------------------------------------------------+
Note: In order to hide this table in the UI and the text report file, please set the "Show Parameter Settings Tables in Synthesis Report" option in "Analysis and Synthesis Settings -> More Settings" to "Off".


+-------------------------------------------------------------------------------------------------+
; Analysis & Synthesis INI Usage                                                                  ;
+----------------------+--------------------------------------------------------------------------+
; Option               ; Usage                                                                    ;
+----------------------+--------------------------------------------------------------------------+
; Initialization file: ; C:\Documents and Settings\robin162/quartus.ini                           ;
; dev_password         ; bd7be08e3faf96f21f7f12099b27ecfb8b18023351152004322560156215233350005516 ;
+----------------------+--------------------------------------------------------------------------+


+-------------------------------+
; Analysis & Synthesis Messages ;
+-------------------------------+
Info: *******************************************************************
Info: Running Quartus II Analysis & Synthesis
    Info: Version 7.1 Build 178 06/25/2007 Service Pack 1 SJ Full Version
    Info: Processing started: Sat Nov 29 16:38:32 2008
Info: Command: quartus_map --read_settings_files=on --write_settings_files=off drawTile -c drawTile
Info: Found 1 design units, including 1 entities, in source file ../drawBackground/counter4b.v
    Info: Found entity 1: counter4b
Info: Found 1 design units, including 1 entities, in source file ../drawBackground/counter3b.v
    Info: Found entity 1: counter3b
Info: Found 1 design units, including 1 entities, in source file drawTile.v
    Info: Found entity 1: drawTile
Info: Elaborating entity "drawTile" for the top level hierarchy
Info: Elaborating entity "counter3b" for hierarchy "counter3b:draw_counterx"
Info: Found 1 design units, including 1 entities, in source file c:/altera/71/quartus/libraries/megafunctions/lpm_counter.tdf
    Info: Found entity 1: lpm_counter
Info: Elaborating entity "lpm_counter" for hierarchy "counter3b:draw_counterx|lpm_counter:lpm_counter_component"
Info: Elaborated megafunction instantiation "counter3b:draw_counterx|lpm_counter:lpm_counter_component"
Info: Found 1 design units, including 1 entities, in source file db/cntr_2oi.tdf
    Info: Found entity 1: cntr_2oi
Info: Elaborating entity "cntr_2oi" for hierarchy "counter3b:draw_counterx|lpm_counter:lpm_counter_component|cntr_2oi:auto_generated"
Info: Elaborating entity "counter4b" for hierarchy "counter4b:draw_countery"
Info: Elaborating entity "lpm_counter" for hierarchy "counter4b:draw_countery|lpm_counter:lpm_counter_component"
Info: Elaborated megafunction instantiation "counter4b:draw_countery|lpm_counter:lpm_counter_component"
Info: Found 1 design units, including 1 entities, in source file db/cntr_3oi.tdf
    Info: Found entity 1: cntr_3oi
Info: Elaborating entity "cntr_3oi" for hierarchy "counter4b:draw_countery|lpm_counter:lpm_counter_component|cntr_3oi:auto_generated"
Warning: Reduced register "y_Q[2]~reg0" with stuck data_in port to stuck value GND
Warning: Output pins are stuck at VCC or GND
    Warning: Pin "y_D[2]" stuck at GND
    Warning: Pin "y_Q[2]" stuck at GND
Info: Generated suppressed messages file W:/quartus/project/drawTile/drawTile.map.smsg
Info: Implemented 35 device resources after synthesis - the final resource count might be different
    Info: Implemented 3 input pins
    Info: Implemented 15 output pins
    Info: Implemented 17 logic cells
Info: Quartus II Analysis & Synthesis was successful. 0 errors, 4 warnings
    Info: Allocated 135 megabytes of memory during processing
    Info: Processing ended: Sat Nov 29 16:38:39 2008
    Info: Elapsed time: 00:00:07


+------------------------------------------+
; Analysis & Synthesis Suppressed Messages ;
+------------------------------------------+
The suppressed messages can be found in W:/quartus/project/drawTile/drawTile.map.smsg.


